<?xml version="1.0" encoding="UTF-8"?>
<robot generator="Robot 7.2.2 (Python 3.8.10 on win32)" generated="2025-04-07T02:40:05.303991" rpa="false" schemaversion="5">
<suite id="s1" name="RNS" source="D:\RNS">
<suite id="s1-s1" name="Automation" source="D:\RNS\Automation">
<suite id="s1-s1-s1" name="TestCases" source="D:\RNS\Automation\TestCases">
<suite id="s1-s1-s1-s1" name="Rns Testcase" source="D:\RNS\Automation\TestCases\rns_testcase.robot">
<test id="s1-s1-s1-s1-t1" name="TC-ID-01 Verify user is able to login with valid username and password" line="15">
<kw name="Open The Chrome Browser" owner="rns_keywords">
<kw name="Open Browser" owner="SeleniumLibrary">
<msg time="2025-04-07T02:40:06.168160" level="INFO">Opening browser 'chrome' to base url 'http://127.0.0.1:8000/login/?next=/'.</msg>
<arg>${url}</arg>
<arg>${browser}</arg>
<doc>Opens a new browser instance to the optional ``url``.</doc>
<status status="PASS" start="2025-04-07T02:40:06.168160" elapsed="5.529585"/>
</kw>
<kw name="Maximize Browser Window" owner="SeleniumLibrary">
<doc>Maximizes current browser window.</doc>
<status status="PASS" start="2025-04-07T02:40:11.698743" elapsed="0.044535"/>
</kw>
<kw name="Page Should Contain" owner="SeleniumLibrary">
<msg time="2025-04-07T02:40:11.775281" level="INFO">Current page contains text 'Login Page'.</msg>
<arg>Login Page</arg>
<doc>Verifies that current page contains ``text``.</doc>
<status status="PASS" start="2025-04-07T02:40:11.743278" elapsed="0.032003"/>
</kw>
<status status="PASS" start="2025-04-07T02:40:06.165208" elapsed="5.610073"/>
</kw>
<kw name="Fetch Testdata By Id" owner="utilities">
<msg time="2025-04-07T02:40:11.787283" level="INFO">${login_data} = {'TC_ID': 'TC-ID-01', 'username': 'sakshi', 'password': 123, 'first_name': None, 'last_name': None, 'new_user_name': None, 'new_password': None, 'confirm_password': None, None: None}</msg>
<var>${login_data}</var>
<arg>${TestData}</arg>
<arg>TC-ID-01</arg>
<status status="PASS" start="2025-04-07T02:40:11.776279" elapsed="0.011004"/>
</kw>
<kw name="Enter With Username And Password And Click On Login Button" owner="rns_keywords">
<kw name="Create Dictionary" owner="BuiltIn">
<msg time="2025-04-07T02:40:11.790282" level="INFO">${my_dict} = {'TC_ID': 'TC-ID-01', 'username': 'sakshi', 'password': 123, 'first_name': None, 'last_name': None, 'new_user_name': None, 'new_password': None, 'confirm_password': None, None: None}</msg>
<var>${my_dict}</var>
<arg>&amp;{my_dict}</arg>
<doc>Creates and returns a dictionary based on the given ``items``.</doc>
<status status="PASS" start="2025-04-07T02:40:11.789280" elapsed="0.001002"/>
</kw>
<kw name="Wait Until Page Contains" owner="SeleniumLibrary">
<arg>Login Page</arg>
<doc>Waits until ``text`` appears on the current page.</doc>
<status status="PASS" start="2025-04-07T02:40:11.790282" elapsed="0.013997"/>
</kw>
<kw name="Sleep" owner="BuiltIn">
<msg time="2025-04-07T02:40:16.815194" level="INFO">Slept 5 seconds.</msg>
<arg>5s</arg>
<doc>Pauses the test executed for the given time.</doc>
<status status="PASS" start="2025-04-07T02:40:11.805278" elapsed="5.009916"/>
</kw>
<kw name="Page Should Contain" owner="SeleniumLibrary">
<msg time="2025-04-07T02:40:16.840540" level="INFO">Current page contains text 'Login Page'.</msg>
<arg>Login Page</arg>
<doc>Verifies that current page contains ``text``.</doc>
<status status="PASS" start="2025-04-07T02:40:16.816030" elapsed="0.024510"/>
</kw>
<kw name="Wait Until Element Is Visible" owner="SeleniumLibrary">
<arg>${username}</arg>
<doc>Waits until the element ``locator`` is visible.</doc>
<status status="PASS" start="2025-04-07T02:40:16.840540" elapsed="0.041221"/>
</kw>
<kw name="Input Text" owner="SeleniumLibrary">
<msg time="2025-04-07T02:40:16.884781" level="INFO">Typing text 'sakshi' into text field '//input[@id = "username"]'.</msg>
<arg>${username}</arg>
<arg>${my_dict.username}</arg>
<doc>Types the given ``text`` into the text field identified by ``locator``.</doc>
<status status="PASS" start="2025-04-07T02:40:16.882786" elapsed="0.233919"/>
</kw>
<kw name="Input Password" owner="SeleniumLibrary">
<msg time="2025-04-07T02:40:17.119693" level="INFO">Typing password into text field '//input[@id= "password"]'.</msg>
<msg time="2025-04-07T02:40:17.191369" level="INFO">Temporally setting log level to: NONE</msg>
<arg>${password}</arg>
<arg>${my_dict.password}</arg>
<doc>Types the given password into the text field identified by ``locator``.</doc>
<status status="PASS" start="2025-04-07T02:40:17.117704" elapsed="0.185292"/>
</kw>
<kw name="Click Button" owner="SeleniumLibrary">
<msg time="2025-04-07T02:40:17.304021" level="INFO">Clicking button '//button[@type = "submit"]'.</msg>
<arg>${login_btn}</arg>
<doc>Clicks the button identified by ``locator``.</doc>
<status status="PASS" start="2025-04-07T02:40:17.304021" elapsed="1.795654"/>
</kw>
<arg>${login_data}</arg>
<status status="PASS" start="2025-04-07T02:40:11.788283" elapsed="7.312387"/>
</kw>
<kw name="Verify Home Page Is Visible After Login" owner="rns_keywords">
<kw name="Wait Until Element Is Visible" owner="SeleniumLibrary">
<arg>${buy_now}</arg>
<arg>timeout=10s</arg>
<doc>Waits until the element ``locator`` is visible.</doc>
<status status="PASS" start="2025-04-07T02:40:19.102669" elapsed="0.036896"/>
</kw>
<kw name="Page Should Contain Element" owner="SeleniumLibrary">
<msg time="2025-04-07T02:40:19.160530" level="INFO">Current page contains element '//a[contains(text(),"Buy now")]'.</msg>
<arg>${buy_now}</arg>
<doc>Verifies that element ``locator`` is found on the current page.</doc>
<status status="PASS" start="2025-04-07T02:40:19.139565" elapsed="0.021980"/>
</kw>
<status status="PASS" start="2025-04-07T02:40:19.101669" elapsed="0.060899"/>
</kw>
<tag>TC-ID-01</tag>
<status status="PASS" start="2025-04-07T02:40:06.162256" elapsed="13.002315"/>
</test>
<test id="s1-s1-s1-s1-t2" name="TC-ID-02 Verify user is not able to login with invalid username and password" line="22">
<kw name="Open The Chrome Browser" owner="rns_keywords">
<kw name="Open Browser" owner="SeleniumLibrary">
<msg time="2025-04-07T02:40:19.171627" level="INFO">Opening browser 'chrome' to base url 'http://127.0.0.1:8000/login/?next=/'.</msg>
<arg>${url}</arg>
<arg>${browser}</arg>
<doc>Opens a new browser instance to the optional ``url``.</doc>
<status status="PASS" start="2025-04-07T02:40:19.170624" elapsed="2.285425"/>
</kw>
<kw name="Maximize Browser Window" owner="SeleniumLibrary">
<doc>Maximizes current browser window.</doc>
<status status="PASS" start="2025-04-07T02:40:21.456049" elapsed="0.085533"/>
</kw>
<kw name="Page Should Contain" owner="SeleniumLibrary">
<msg time="2025-04-07T02:40:21.580103" level="INFO">Current page contains text 'Login Page'.</msg>
<arg>Login Page</arg>
<doc>Verifies that current page contains ``text``.</doc>
<status status="PASS" start="2025-04-07T02:40:21.542579" elapsed="0.037524"/>
</kw>
<status status="PASS" start="2025-04-07T02:40:19.169622" elapsed="2.411476"/>
</kw>
<kw name="Fetch Testdata By Id" owner="utilities">
<msg time="2025-04-07T02:40:21.608690" level="INFO">${login_data} = {'TC_ID': 'TC-ID-02', 'username': 'abc', 'password': 'xyz', 'first_name': None, 'last_name': None, 'new_user_name': None, 'new_password': None, 'confirm_password': None, None: 'Data Needs to be change...</msg>
<var>${login_data}</var>
<arg>${TestData}</arg>
<arg>TC-ID-02</arg>
<status status="PASS" start="2025-04-07T02:40:21.581617" elapsed="0.027073"/>
</kw>
<kw name="Enter With Username And Password And Click On Login Button" owner="rns_keywords">
<kw name="Create Dictionary" owner="BuiltIn">
<msg time="2025-04-07T02:40:21.612960" level="INFO">${my_dict} = {'TC_ID': 'TC-ID-02', 'username': 'abc', 'password': 'xyz', 'first_name': None, 'last_name': None, 'new_user_name': None, 'new_password': None, 'confirm_password': None, None: 'Data Needs to be change...</msg>
<var>${my_dict}</var>
<arg>&amp;{my_dict}</arg>
<doc>Creates and returns a dictionary based on the given ``items``.</doc>
<status status="PASS" start="2025-04-07T02:40:21.611913" elapsed="0.001047"/>
</kw>
<kw name="Wait Until Page Contains" owner="SeleniumLibrary">
<arg>Login Page</arg>
<doc>Waits until ``text`` appears on the current page.</doc>
<status status="PASS" start="2025-04-07T02:40:21.612960" elapsed="0.018220"/>
</kw>
<kw name="Sleep" owner="BuiltIn">
<msg time="2025-04-07T02:40:26.647699" level="INFO">Slept 5 seconds.</msg>
<arg>5s</arg>
<doc>Pauses the test executed for the given time.</doc>
<status status="PASS" start="2025-04-07T02:40:21.632242" elapsed="5.015457"/>
</kw>
<kw name="Page Should Contain" owner="SeleniumLibrary">
<msg time="2025-04-07T02:40:26.682694" level="INFO">Current page contains text 'Login Page'.</msg>
<arg>Login Page</arg>
<doc>Verifies that current page contains ``text``.</doc>
<status status="PASS" start="2025-04-07T02:40:26.648787" elapsed="0.034907"/>
</kw>
<kw name="Wait Until Element Is Visible" owner="SeleniumLibrary">
<arg>${username}</arg>
<doc>Waits until the element ``locator`` is visible.</doc>
<status status="PASS" start="2025-04-07T02:40:26.684697" elapsed="0.055014"/>
</kw>
<kw name="Input Text" owner="SeleniumLibrary">
<msg time="2025-04-07T02:40:26.742713" level="INFO">Typing text 'abc' into text field '//input[@id = "username"]'.</msg>
<arg>${username}</arg>
<arg>${my_dict.username}</arg>
<doc>Types the given ``text`` into the text field identified by ``locator``.</doc>
<status status="PASS" start="2025-04-07T02:40:26.740711" elapsed="0.189191"/>
</kw>
<kw name="Input Password" owner="SeleniumLibrary">
<msg time="2025-04-07T02:40:26.932902" level="INFO">Typing password into text field '//input[@id= "password"]'.</msg>
<msg time="2025-04-07T02:40:27.023588" level="INFO">Temporally setting log level to: NONE</msg>
<arg>${password}</arg>
<arg>${my_dict.password}</arg>
<doc>Types the given password into the text field identified by ``locator``.</doc>
<status status="PASS" start="2025-04-07T02:40:26.930908" elapsed="0.237291"/>
</kw>
<kw name="Click Button" owner="SeleniumLibrary">
<msg time="2025-04-07T02:40:27.169199" level="INFO">Clicking button '//button[@type = "submit"]'.</msg>
<arg>${login_btn}</arg>
<doc>Clicks the button identified by ``locator``.</doc>
<status status="PASS" start="2025-04-07T02:40:27.168199" elapsed="0.205980"/>
</kw>
<arg>${login_data}</arg>
<status status="PASS" start="2025-04-07T02:40:21.610644" elapsed="5.764533"/>
</kw>
<kw name="Verify User Is Unable Redirect To HomePage" owner="rns_keywords">
<kw name="Page Should Contain" owner="SeleniumLibrary">
<msg time="2025-04-07T02:40:27.525899" level="INFO">Current page contains text 'User does not exist'.</msg>
<arg>User does not exist</arg>
<doc>Verifies that current page contains ``text``.</doc>
<status status="PASS" start="2025-04-07T02:40:27.379480" elapsed="0.146419"/>
</kw>
<status status="PASS" start="2025-04-07T02:40:27.377436" elapsed="0.148463"/>
</kw>
<tag>TC-ID-02</tag>
<status status="PASS" start="2025-04-07T02:40:19.167569" elapsed="8.360350"/>
</test>
<test id="s1-s1-s1-s1-t3" name="TC-ID-03 Verify user is not able to login with empty username and password" line="29">
<kw name="Open The Chrome Browser" owner="rns_keywords">
<kw name="Open Browser" owner="SeleniumLibrary">
<msg time="2025-04-07T02:40:27.536902" level="INFO">Opening browser 'chrome' to base url 'http://127.0.0.1:8000/login/?next=/'.</msg>
<arg>${url}</arg>
<arg>${browser}</arg>
<doc>Opens a new browser instance to the optional ``url``.</doc>
<status status="PASS" start="2025-04-07T02:40:27.535903" elapsed="2.045019"/>
</kw>
<kw name="Maximize Browser Window" owner="SeleniumLibrary">
<doc>Maximizes current browser window.</doc>
<status status="PASS" start="2025-04-07T02:40:29.580922" elapsed="0.037343"/>
</kw>
<kw name="Page Should Contain" owner="SeleniumLibrary">
<msg time="2025-04-07T02:40:29.653250" level="INFO">Current page contains text 'Login Page'.</msg>
<arg>Login Page</arg>
<doc>Verifies that current page contains ``text``.</doc>
<status status="PASS" start="2025-04-07T02:40:29.618265" elapsed="0.034985"/>
</kw>
<status status="PASS" start="2025-04-07T02:40:27.533905" elapsed="2.119345"/>
</kw>
<kw name="Fetch Testdata By Id" owner="utilities">
<msg time="2025-04-07T02:40:29.662254" level="INFO">${login_data} = {'TC_ID': 'TC-ID-03', 'username': None, 'password': None, 'first_name': None, 'last_name': None, 'new_user_name': None, 'new_password': None, 'confirm_password': None, None: None}</msg>
<var>${login_data}</var>
<arg>${TestData}</arg>
<arg>TC-ID-03</arg>
<status status="PASS" start="2025-04-07T02:40:29.654250" elapsed="0.008004"/>
</kw>
<kw name="Enter With Username And Password And Click On Login Button" owner="rns_keywords">
<kw name="Create Dictionary" owner="BuiltIn">
<msg time="2025-04-07T02:40:29.664254" level="INFO">${my_dict} = {'TC_ID': 'TC-ID-03', 'username': None, 'password': None, 'first_name': None, 'last_name': None, 'new_user_name': None, 'new_password': None, 'confirm_password': None, None: None}</msg>
<var>${my_dict}</var>
<arg>&amp;{my_dict}</arg>
<doc>Creates and returns a dictionary based on the given ``items``.</doc>
<status status="PASS" start="2025-04-07T02:40:29.664254" elapsed="0.000000"/>
</kw>
<kw name="Wait Until Page Contains" owner="SeleniumLibrary">
<arg>Login Page</arg>
<doc>Waits until ``text`` appears on the current page.</doc>
<status status="PASS" start="2025-04-07T02:40:29.665254" elapsed="0.009000"/>
</kw>
<kw name="Sleep" owner="BuiltIn">
<msg time="2025-04-07T02:40:34.683691" level="INFO">Slept 5 seconds.</msg>
<arg>5s</arg>
<doc>Pauses the test executed for the given time.</doc>
<status status="PASS" start="2025-04-07T02:40:29.675253" elapsed="5.008438"/>
</kw>
<kw name="Page Should Contain" owner="SeleniumLibrary">
<msg time="2025-04-07T02:40:34.704789" level="INFO">Current page contains text 'Login Page'.</msg>
<arg>Login Page</arg>
<doc>Verifies that current page contains ``text``.</doc>
<status status="PASS" start="2025-04-07T02:40:34.683691" elapsed="0.021608"/>
</kw>
<kw name="Wait Until Element Is Visible" owner="SeleniumLibrary">
<arg>${username}</arg>
<doc>Waits until the element ``locator`` is visible.</doc>
<status status="PASS" start="2025-04-07T02:40:34.705299" elapsed="0.027074"/>
</kw>
<kw name="Input Text" owner="SeleniumLibrary">
<msg time="2025-04-07T02:40:34.734317" level="INFO">Typing text 'None' into text field '//input[@id = "username"]'.</msg>
<arg>${username}</arg>
<arg>${my_dict.username}</arg>
<doc>Types the given ``text`` into the text field identified by ``locator``.</doc>
<status status="PASS" start="2025-04-07T02:40:34.732373" elapsed="0.090484"/>
</kw>
<kw name="Input Password" owner="SeleniumLibrary">
<msg time="2025-04-07T02:40:34.825859" level="INFO">Typing password into text field '//input[@id= "password"]'.</msg>
<msg time="2025-04-07T02:40:34.869575" level="INFO">Temporally setting log level to: NONE</msg>
<arg>${password}</arg>
<arg>${my_dict.password}</arg>
<doc>Types the given password into the text field identified by ``locator``.</doc>
<status status="PASS" start="2025-04-07T02:40:34.822857" elapsed="0.098334"/>
</kw>
<kw name="Click Button" owner="SeleniumLibrary">
<msg time="2025-04-07T02:40:34.922193" level="INFO">Clicking button '//button[@type = "submit"]'.</msg>
<arg>${login_btn}</arg>
<doc>Clicks the button identified by ``locator``.</doc>
<status status="PASS" start="2025-04-07T02:40:34.921191" elapsed="0.105778"/>
</kw>
<arg>${login_data}</arg>
<status status="PASS" start="2025-04-07T02:40:29.663255" elapsed="5.364225"/>
</kw>
<kw name="Verify User Is Unable Redirect To HomePage" owner="rns_keywords">
<kw name="Page Should Contain" owner="SeleniumLibrary">
<msg time="2025-04-07T02:40:35.108074" level="INFO">Current page contains text 'User does not exist'.</msg>
<arg>User does not exist</arg>
<doc>Verifies that current page contains ``text``.</doc>
<status status="PASS" start="2025-04-07T02:40:35.028494" elapsed="0.079580"/>
</kw>
<status status="PASS" start="2025-04-07T02:40:35.027480" elapsed="0.080594"/>
</kw>
<tag>TC-ID-03</tag>
<status status="PASS" start="2025-04-07T02:40:27.531905" elapsed="7.577168"/>
</test>
<test id="s1-s1-s1-s1-t4" name="TC-ID-05 Verify user is able to view and click on BESTSELLER BOOKS on Navbar and redirect to BestSeller Books page" line="36">
<kw name="Open The Chrome Browser" owner="rns_keywords">
<kw name="Open Browser" owner="SeleniumLibrary">
<msg time="2025-04-07T02:40:35.112560" level="INFO">Opening browser 'chrome' to base url 'http://127.0.0.1:8000/login/?next=/'.</msg>
<arg>${url}</arg>
<arg>${browser}</arg>
<doc>Opens a new browser instance to the optional ``url``.</doc>
<status status="PASS" start="2025-04-07T02:40:35.112560" elapsed="1.855876"/>
</kw>
<kw name="Maximize Browser Window" owner="SeleniumLibrary">
<doc>Maximizes current browser window.</doc>
<status status="PASS" start="2025-04-07T02:40:36.968436" elapsed="0.047444"/>
</kw>
<kw name="Page Should Contain" owner="SeleniumLibrary">
<msg time="2025-04-07T02:40:37.036874" level="INFO">Current page contains text 'Login Page'.</msg>
<arg>Login Page</arg>
<doc>Verifies that current page contains ``text``.</doc>
<status status="PASS" start="2025-04-07T02:40:37.015880" elapsed="0.020994"/>
</kw>
<status status="PASS" start="2025-04-07T02:40:35.111548" elapsed="1.925326"/>
</kw>
<kw name="Fetch Testdata By Id" owner="utilities">
<msg time="2025-04-07T02:40:37.048251" level="INFO">${login_data} = {'TC_ID': 'TC-ID-05', 'username': 'sakshi', 'password': 123, 'first_name': None, 'last_name': None, 'new_user_name': None, 'new_password': None, 'confirm_password': None, None: None}</msg>
<var>${login_data}</var>
<arg>${TestData}</arg>
<arg>TC-ID-05</arg>
<status status="PASS" start="2025-04-07T02:40:37.037873" elapsed="0.011369"/>
</kw>
<kw name="Enter With Username And Password And Click On Login Button" owner="rns_keywords">
<kw name="Create Dictionary" owner="BuiltIn">
<msg time="2025-04-07T02:40:37.051245" level="INFO">${my_dict} = {'TC_ID': 'TC-ID-05', 'username': 'sakshi', 'password': 123, 'first_name': None, 'last_name': None, 'new_user_name': None, 'new_password': None, 'confirm_password': None, None: None}</msg>
<var>${my_dict}</var>
<arg>&amp;{my_dict}</arg>
<doc>Creates and returns a dictionary based on the given ``items``.</doc>
<status status="PASS" start="2025-04-07T02:40:37.050245" elapsed="0.001000"/>
</kw>
<kw name="Wait Until Page Contains" owner="SeleniumLibrary">
<arg>Login Page</arg>
<doc>Waits until ``text`` appears on the current page.</doc>
<status status="PASS" start="2025-04-07T02:40:37.051245" elapsed="0.010523"/>
</kw>
<kw name="Sleep" owner="BuiltIn">
<msg time="2025-04-07T02:40:42.074798" level="INFO">Slept 5 seconds.</msg>
<arg>5s</arg>
<doc>Pauses the test executed for the given time.</doc>
<status status="PASS" start="2025-04-07T02:40:37.061768" elapsed="5.013030"/>
</kw>
<kw name="Page Should Contain" owner="SeleniumLibrary">
<msg time="2025-04-07T02:40:42.088798" level="INFO">Current page contains text 'Login Page'.</msg>
<arg>Login Page</arg>
<doc>Verifies that current page contains ``text``.</doc>
<status status="PASS" start="2025-04-07T02:40:42.074798" elapsed="0.014000"/>
</kw>
<kw name="Wait Until Element Is Visible" owner="SeleniumLibrary">
<arg>${username}</arg>
<doc>Waits until the element ``locator`` is visible.</doc>
<status status="PASS" start="2025-04-07T02:40:42.089797" elapsed="0.022004"/>
</kw>
<kw name="Input Text" owner="SeleniumLibrary">
<msg time="2025-04-07T02:40:42.112800" level="INFO">Typing text 'sakshi' into text field '//input[@id = "username"]'.</msg>
<arg>${username}</arg>
<arg>${my_dict.username}</arg>
<doc>Types the given ``text`` into the text field identified by ``locator``.</doc>
<status status="PASS" start="2025-04-07T02:40:42.111801" elapsed="0.116091"/>
</kw>
<kw name="Input Password" owner="SeleniumLibrary">
<msg time="2025-04-07T02:40:42.229892" level="INFO">Typing password into text field '//input[@id= "password"]'.</msg>
<msg time="2025-04-07T02:40:42.269202" level="INFO">Temporally setting log level to: NONE</msg>
<arg>${password}</arg>
<arg>${my_dict.password}</arg>
<doc>Types the given password into the text field identified by ``locator``.</doc>
<status status="PASS" start="2025-04-07T02:40:42.228893" elapsed="0.128870"/>
</kw>
<kw name="Click Button" owner="SeleniumLibrary">
<msg time="2025-04-07T02:40:42.358763" level="INFO">Clicking button '//button[@type = "submit"]'.</msg>
<arg>${login_btn}</arg>
<doc>Clicks the button identified by ``locator``.</doc>
<status status="PASS" start="2025-04-07T02:40:42.357763" elapsed="0.080035"/>
</kw>
<arg>${login_data}</arg>
<status status="PASS" start="2025-04-07T02:40:37.050245" elapsed="5.387553"/>
</kw>
<kw name="Click On BestSeller Link On Navigation Bar" owner="rns_keywords">
<kw name="Click Element" owner="SeleniumLibrary">
<msg time="2025-04-07T02:40:42.439803" level="INFO">Clicking element '//a[contains(text(),"BestSellers")]'.</msg>
<msg time="2025-04-07T02:40:44.495486" level="INFO" html="true">&lt;/td&gt;&lt;/tr&gt;&lt;tr&gt;&lt;td colspan="3"&gt;&lt;a href="selenium-screenshot-25.png"&gt;&lt;img src="selenium-screenshot-25.png" width="800px"&gt;&lt;/a&gt;</msg>
<msg time="2025-04-07T02:40:44.496507" level="FAIL">Element with locator '//a[contains(text(),"BestSellers")]' not found.</msg>
<arg>${bestseller_nav}</arg>
<doc>Click the element identified by ``locator``.</doc>
<status status="FAIL" start="2025-04-07T02:40:42.438796" elapsed="2.064737">Element with locator '//a[contains(text(),"BestSellers")]' not found.</status>
</kw>
<status status="FAIL" start="2025-04-07T02:40:42.438796" elapsed="2.065727">Element with locator '//a[contains(text(),"BestSellers")]' not found.</status>
</kw>
<kw name="Verify BestSeller Container Section On Home Page" owner="rns_keywords">
<status status="NOT RUN" start="2025-04-07T02:40:44.505558" elapsed="0.000000"/>
</kw>
<tag>TC-ID-05</tag>
<status status="FAIL" start="2025-04-07T02:40:35.110074" elapsed="9.396461">Element with locator '//a[contains(text(),"BestSellers")]' not found.</status>
</test>
<test id="s1-s1-s1-s1-t5" name="TC-ID-06 Verify user is able to view and click on BLOG on Navbar and redirect to Latest Blogs page" line="44">
<kw name="Open The Chrome Browser" owner="rns_keywords">
<kw name="Open Browser" owner="SeleniumLibrary">
<msg time="2025-04-07T02:40:44.511545" level="INFO">Opening browser 'chrome' to base url 'http://127.0.0.1:8000/login/?next=/'.</msg>
<arg>${url}</arg>
<arg>${browser}</arg>
<doc>Opens a new browser instance to the optional ``url``.</doc>
<status status="PASS" start="2025-04-07T02:40:44.511545" elapsed="1.832605"/>
</kw>
<kw name="Maximize Browser Window" owner="SeleniumLibrary">
<doc>Maximizes current browser window.</doc>
<status status="PASS" start="2025-04-07T02:40:46.345149" elapsed="0.038478"/>
</kw>
<kw name="Page Should Contain" owner="SeleniumLibrary">
<msg time="2025-04-07T02:40:46.404627" level="INFO">Current page contains text 'Login Page'.</msg>
<arg>Login Page</arg>
<doc>Verifies that current page contains ``text``.</doc>
<status status="PASS" start="2025-04-07T02:40:46.383627" elapsed="0.021000"/>
</kw>
<status status="PASS" start="2025-04-07T02:40:44.510494" elapsed="1.894133"/>
</kw>
<kw name="Fetch Testdata By Id" owner="utilities">
<msg time="2025-04-07T02:40:46.415659" level="INFO">${login_data} = {'TC_ID': 'TC-ID-06', 'username': 'sakshi', 'password': 123, 'first_name': None, 'last_name': None, 'new_user_name': None, 'new_password': None, 'confirm_password': None, None: None}</msg>
<var>${login_data}</var>
<arg>${TestData}</arg>
<arg>TC-ID-06</arg>
<status status="PASS" start="2025-04-07T02:40:46.405634" elapsed="0.010025"/>
</kw>
<kw name="Enter With Username And Password And Click On Login Button" owner="rns_keywords">
<kw name="Create Dictionary" owner="BuiltIn">
<msg time="2025-04-07T02:40:46.418652" level="INFO">${my_dict} = {'TC_ID': 'TC-ID-06', 'username': 'sakshi', 'password': 123, 'first_name': None, 'last_name': None, 'new_user_name': None, 'new_password': None, 'confirm_password': None, None: None}</msg>
<var>${my_dict}</var>
<arg>&amp;{my_dict}</arg>
<doc>Creates and returns a dictionary based on the given ``items``.</doc>
<status status="PASS" start="2025-04-07T02:40:46.417663" elapsed="0.000989"/>
</kw>
<kw name="Wait Until Page Contains" owner="SeleniumLibrary">
<arg>Login Page</arg>
<doc>Waits until ``text`` appears on the current page.</doc>
<status status="PASS" start="2025-04-07T02:40:46.418652" elapsed="0.010560"/>
</kw>
<kw name="Sleep" owner="BuiltIn">
<msg time="2025-04-07T02:40:51.434074" level="INFO">Slept 5 seconds.</msg>
<arg>5s</arg>
<doc>Pauses the test executed for the given time.</doc>
<status status="PASS" start="2025-04-07T02:40:46.429212" elapsed="5.005911"/>
</kw>
<kw name="Page Should Contain" owner="SeleniumLibrary">
<msg time="2025-04-07T02:40:51.468888" level="INFO">Current page contains text 'Login Page'.</msg>
<arg>Login Page</arg>
<doc>Verifies that current page contains ``text``.</doc>
<status status="PASS" start="2025-04-07T02:40:51.435123" elapsed="0.034788"/>
</kw>
<kw name="Wait Until Element Is Visible" owner="SeleniumLibrary">
<arg>${username}</arg>
<doc>Waits until the element ``locator`` is visible.</doc>
<status status="PASS" start="2025-04-07T02:40:51.469911" elapsed="0.036571"/>
</kw>
<kw name="Input Text" owner="SeleniumLibrary">
<msg time="2025-04-07T02:40:51.508481" level="INFO">Typing text 'sakshi' into text field '//input[@id = "username"]'.</msg>
<arg>${username}</arg>
<arg>${my_dict.username}</arg>
<doc>Types the given ``text`` into the text field identified by ``locator``.</doc>
<status status="PASS" start="2025-04-07T02:40:51.506482" elapsed="0.102013"/>
</kw>
<kw name="Input Password" owner="SeleniumLibrary">
<msg time="2025-04-07T02:40:51.611757" level="INFO">Typing password into text field '//input[@id= "password"]'.</msg>
<msg time="2025-04-07T02:40:51.653874" level="INFO">Temporally setting log level to: NONE</msg>
<arg>${password}</arg>
<arg>${my_dict.password}</arg>
<doc>Types the given password into the text field identified by ``locator``.</doc>
<status status="PASS" start="2025-04-07T02:40:51.609736" elapsed="0.092935"/>
</kw>
<kw name="Click Button" owner="SeleniumLibrary">
<msg time="2025-04-07T02:40:51.704674" level="INFO">Clicking button '//button[@type = "submit"]'.</msg>
<arg>${login_btn}</arg>
<doc>Clicks the button identified by ``locator``.</doc>
<status status="PASS" start="2025-04-07T02:40:51.703676" elapsed="0.098157"/>
</kw>
<arg>${login_data}</arg>
<status status="PASS" start="2025-04-07T02:40:46.416635" elapsed="5.385198"/>
</kw>
<kw name="Click On Blogs Link On Navigation Bar" owner="rns_keywords">
<kw name="Page Should Contain Element" owner="SeleniumLibrary">
<msg time="2025-04-07T02:40:54.004197" level="INFO" html="true">&lt;/td&gt;&lt;/tr&gt;&lt;tr&gt;&lt;td colspan="3"&gt;&lt;a href="selenium-screenshot-26.png"&gt;&lt;img src="selenium-screenshot-26.png" width="800px"&gt;&lt;/a&gt;</msg>
<msg time="2025-04-07T02:40:54.004197" level="FAIL">Page should have contained element '//a[contains(text(),"Blog")]' but did not.</msg>
<arg>${blog_nav}</arg>
<doc>Verifies that element ``locator`` is found on the current page.</doc>
<status status="FAIL" start="2025-04-07T02:40:51.802834" elapsed="2.203409">Page should have contained element '//a[contains(text(),"Blog")]' but did not.</status>
</kw>
<kw name="Click Element" owner="SeleniumLibrary">
<arg>${blog_nav}</arg>
<doc>Click the element identified by ``locator``.</doc>
<status status="NOT RUN" start="2025-04-07T02:40:54.007207" elapsed="0.000000"/>
</kw>
<status status="FAIL" start="2025-04-07T02:40:51.802834" elapsed="2.204373">Page should have contained element '//a[contains(text(),"Blog")]' but did not.</status>
</kw>
<kw name="Verify Blogs Section On Home Page" owner="rns_keywords">
<status status="NOT RUN" start="2025-04-07T02:40:54.010199" elapsed="0.001032"/>
</kw>
<tag>TC-ID-06</tag>
<status status="FAIL" start="2025-04-07T02:40:44.508552" elapsed="9.504710">Page should have contained element '//a[contains(text(),"Blog")]' but did not.</status>
</test>
<test id="s1-s1-s1-s1-t6" name="TC-ID-07 Verify user is able to view and click on SUBSCRIBE on Navbar and redirect to Newsletter page" line="52">
<kw name="Open The Chrome Browser" owner="rns_keywords">
<kw name="Open Browser" owner="SeleniumLibrary">
<msg time="2025-04-07T02:40:54.020851" level="INFO">Opening browser 'chrome' to base url 'http://127.0.0.1:8000/login/?next=/'.</msg>
<arg>${url}</arg>
<arg>${browser}</arg>
<doc>Opens a new browser instance to the optional ``url``.</doc>
<status status="PASS" start="2025-04-07T02:40:54.019844" elapsed="2.637710"/>
</kw>
<kw name="Maximize Browser Window" owner="SeleniumLibrary">
<doc>Maximizes current browser window.</doc>
<status status="PASS" start="2025-04-07T02:40:56.657554" elapsed="0.044002"/>
</kw>
<kw name="Page Should Contain" owner="SeleniumLibrary">
<msg time="2025-04-07T02:40:56.746089" level="INFO">Current page contains text 'Login Page'.</msg>
<arg>Login Page</arg>
<doc>Verifies that current page contains ``text``.</doc>
<status status="PASS" start="2025-04-07T02:40:56.702556" elapsed="0.043533"/>
</kw>
<status status="PASS" start="2025-04-07T02:40:54.018852" elapsed="2.727237"/>
</kw>
<kw name="Fetch Testdata By Id" owner="utilities">
<msg time="2025-04-07T02:40:56.758084" level="INFO">${login_data} = {'TC_ID': 'TC-ID-07', 'username': 'sakshi', 'password': 123, 'first_name': None, 'last_name': None, 'new_user_name': None, 'new_password': None, 'confirm_password': None, None: None}</msg>
<var>${login_data}</var>
<arg>${TestData}</arg>
<arg>TC-ID-07</arg>
<status status="PASS" start="2025-04-07T02:40:56.747086" elapsed="0.010998"/>
</kw>
<kw name="Enter With Username And Password And Click On Login Button" owner="rns_keywords">
<kw name="Create Dictionary" owner="BuiltIn">
<msg time="2025-04-07T02:40:56.763085" level="INFO">${my_dict} = {'TC_ID': 'TC-ID-07', 'username': 'sakshi', 'password': 123, 'first_name': None, 'last_name': None, 'new_user_name': None, 'new_password': None, 'confirm_password': None, None: None}</msg>
<var>${my_dict}</var>
<arg>&amp;{my_dict}</arg>
<doc>Creates and returns a dictionary based on the given ``items``.</doc>
<status status="PASS" start="2025-04-07T02:40:56.763085" elapsed="0.000000"/>
</kw>
<kw name="Wait Until Page Contains" owner="SeleniumLibrary">
<arg>Login Page</arg>
<doc>Waits until ``text`` appears on the current page.</doc>
<status status="PASS" start="2025-04-07T02:40:56.764083" elapsed="0.011001"/>
</kw>
<kw name="Sleep" owner="BuiltIn">
<msg time="2025-04-07T02:41:01.779798" level="INFO">Slept 5 seconds.</msg>
<arg>5s</arg>
<doc>Pauses the test executed for the given time.</doc>
<status status="PASS" start="2025-04-07T02:40:56.775084" elapsed="5.005731"/>
</kw>
<kw name="Page Should Contain" owner="SeleniumLibrary">
<msg time="2025-04-07T02:41:01.812889" level="INFO">Current page contains text 'Login Page'.</msg>
<arg>Login Page</arg>
<doc>Verifies that current page contains ``text``.</doc>
<status status="PASS" start="2025-04-07T02:41:01.782830" elapsed="0.031052"/>
</kw>
<kw name="Wait Until Element Is Visible" owner="SeleniumLibrary">
<arg>${username}</arg>
<doc>Waits until the element ``locator`` is visible.</doc>
<status status="PASS" start="2025-04-07T02:41:01.813882" elapsed="0.035186"/>
</kw>
<kw name="Input Text" owner="SeleniumLibrary">
<msg time="2025-04-07T02:41:01.851045" level="INFO">Typing text 'sakshi' into text field '//input[@id = "username"]'.</msg>
<arg>${username}</arg>
<arg>${my_dict.username}</arg>
<doc>Types the given ``text`` into the text field identified by ``locator``.</doc>
<status status="PASS" start="2025-04-07T02:41:01.849068" elapsed="0.140507"/>
</kw>
<kw name="Input Password" owner="SeleniumLibrary">
<msg time="2025-04-07T02:41:01.997581" level="INFO">Typing password into text field '//input[@id= "password"]'.</msg>
<msg time="2025-04-07T02:41:02.038485" level="INFO">Temporally setting log level to: NONE</msg>
<arg>${password}</arg>
<arg>${my_dict.password}</arg>
<doc>Types the given password into the text field identified by ``locator``.</doc>
<status status="PASS" start="2025-04-07T02:41:01.990576" elapsed="0.103073"/>
</kw>
<kw name="Click Button" owner="SeleniumLibrary">
<msg time="2025-04-07T02:41:02.094684" level="INFO">Clicking button '//button[@type = "submit"]'.</msg>
<arg>${login_btn}</arg>
<doc>Clicks the button identified by ``locator``.</doc>
<status status="PASS" start="2025-04-07T02:41:02.093649" elapsed="0.096862"/>
</kw>
<arg>${login_data}</arg>
<status status="PASS" start="2025-04-07T02:40:56.762085" elapsed="5.429423"/>
</kw>
<kw name="Click On Subscribe Link On Navigation Bar" owner="rns_keywords">
<kw name="Page Should Contain Element" owner="SeleniumLibrary">
<msg time="2025-04-07T02:41:03.722781" level="INFO">Current page contains element '//a[contains(text(),"Subscribe")]'.</msg>
<arg>${subscribe_nav}</arg>
<doc>Verifies that element ``locator`` is found on the current page.</doc>
<status status="PASS" start="2025-04-07T02:41:02.193831" elapsed="1.528950"/>
</kw>
<kw name="Click Element" owner="SeleniumLibrary">
<msg time="2025-04-07T02:41:03.723784" level="INFO">Clicking element '//a[contains(text(),"Subscribe")]'.</msg>
<arg>${subscribe_nav}</arg>
<doc>Click the element identified by ``locator``.</doc>
<status status="PASS" start="2025-04-07T02:41:03.722781" elapsed="0.086693"/>
</kw>
<status status="PASS" start="2025-04-07T02:41:02.192509" elapsed="1.616965"/>
</kw>
<kw name="Verify NewsLetter Section On Home Page" owner="rns_keywords">
<kw name="Wait Until Element Is Visible" owner="SeleniumLibrary">
<arg>${newsletter_container}</arg>
<doc>Waits until the element ``locator`` is visible.</doc>
<status status="PASS" start="2025-04-07T02:41:03.811002" elapsed="0.025469"/>
</kw>
<kw name="Page Should Contain Element" owner="SeleniumLibrary">
<msg time="2025-04-07T02:41:03.847036" level="INFO">Current page contains element '//div[@class ="blog__container container"]'.</msg>
<arg>${newsletter_container}</arg>
<doc>Verifies that element ``locator`` is found on the current page.</doc>
<status status="PASS" start="2025-04-07T02:41:03.836471" elapsed="0.010565"/>
</kw>
<status status="PASS" start="2025-04-07T02:41:03.811002" elapsed="0.036034"/>
</kw>
<tag>TC-ID-07</tag>
<status status="PASS" start="2025-04-07T02:40:54.016798" elapsed="9.831254"/>
</test>
<test id="s1-s1-s1-s1-t7" name="TC-ID-08 Verify user is able to view and click on LOGOUT on Navbar and redirect to Login page" line="60">
<kw name="Open The Chrome Browser" owner="rns_keywords">
<kw name="Open Browser" owner="SeleniumLibrary">
<msg time="2025-04-07T02:41:03.851066" level="INFO">Opening browser 'chrome' to base url 'http://127.0.0.1:8000/login/?next=/'.</msg>
<arg>${url}</arg>
<arg>${browser}</arg>
<doc>Opens a new browser instance to the optional ``url``.</doc>
<status status="PASS" start="2025-04-07T02:41:03.850059" elapsed="2.372728"/>
</kw>
<kw name="Maximize Browser Window" owner="SeleniumLibrary">
<doc>Maximizes current browser window.</doc>
<status status="PASS" start="2025-04-07T02:41:06.223785" elapsed="0.052222"/>
</kw>
<kw name="Page Should Contain" owner="SeleniumLibrary">
<msg time="2025-04-07T02:41:06.301719" level="INFO">Current page contains text 'Login Page'.</msg>
<arg>Login Page</arg>
<doc>Verifies that current page contains ``text``.</doc>
<status status="PASS" start="2025-04-07T02:41:06.276007" elapsed="0.025712"/>
</kw>
<status status="PASS" start="2025-04-07T02:41:03.850059" elapsed="2.451660"/>
</kw>
<kw name="Fetch Testdata By Id" owner="utilities">
<msg time="2025-04-07T02:41:06.332553" level="INFO">${login_data} = {'TC_ID': 'TC-ID-08', 'username': 'sakshi', 'password': 123, 'first_name': None, 'last_name': None, 'new_user_name': None, 'new_password': None, 'confirm_password': None, None: None}</msg>
<var>${login_data}</var>
<arg>${TestData}</arg>
<arg>TC-ID-08</arg>
<status status="PASS" start="2025-04-07T02:41:06.303202" elapsed="0.029351"/>
</kw>
<kw name="Enter With Username And Password And Click On Login Button" owner="rns_keywords">
<kw name="Create Dictionary" owner="BuiltIn">
<msg time="2025-04-07T02:41:06.337564" level="INFO">${my_dict} = {'TC_ID': 'TC-ID-08', 'username': 'sakshi', 'password': 123, 'first_name': None, 'last_name': None, 'new_user_name': None, 'new_password': None, 'confirm_password': None, None: None}</msg>
<var>${my_dict}</var>
<arg>&amp;{my_dict}</arg>
<doc>Creates and returns a dictionary based on the given ``items``.</doc>
<status status="PASS" start="2025-04-07T02:41:06.335566" elapsed="0.001998"/>
</kw>
<kw name="Wait Until Page Contains" owner="SeleniumLibrary">
<arg>Login Page</arg>
<doc>Waits until ``text`` appears on the current page.</doc>
<status status="PASS" start="2025-04-07T02:41:06.338564" elapsed="0.035807"/>
</kw>
<kw name="Sleep" owner="BuiltIn">
<msg time="2025-04-07T02:41:11.381355" level="INFO">Slept 5 seconds.</msg>
<arg>5s</arg>
<doc>Pauses the test executed for the given time.</doc>
<status status="PASS" start="2025-04-07T02:41:06.375382" elapsed="5.006961"/>
</kw>
<kw name="Page Should Contain" owner="SeleniumLibrary">
<msg time="2025-04-07T02:41:11.423952" level="INFO">Current page contains text 'Login Page'.</msg>
<arg>Login Page</arg>
<doc>Verifies that current page contains ``text``.</doc>
<status status="PASS" start="2025-04-07T02:41:11.382873" elapsed="0.041079"/>
</kw>
<kw name="Wait Until Element Is Visible" owner="SeleniumLibrary">
<arg>${username}</arg>
<doc>Waits until the element ``locator`` is visible.</doc>
<status status="PASS" start="2025-04-07T02:41:11.424941" elapsed="0.040551"/>
</kw>
<kw name="Input Text" owner="SeleniumLibrary">
<msg time="2025-04-07T02:41:11.468517" level="INFO">Typing text 'sakshi' into text field '//input[@id = "username"]'.</msg>
<arg>${username}</arg>
<arg>${my_dict.username}</arg>
<doc>Types the given ``text`` into the text field identified by ``locator``.</doc>
<status status="PASS" start="2025-04-07T02:41:11.465492" elapsed="0.147150"/>
</kw>
<kw name="Input Password" owner="SeleniumLibrary">
<msg time="2025-04-07T02:41:11.613615" level="INFO">Typing password into text field '//input[@id= "password"]'.</msg>
<msg time="2025-04-07T02:41:11.670143" level="INFO">Temporally setting log level to: NONE</msg>
<arg>${password}</arg>
<arg>${my_dict.password}</arg>
<doc>Types the given password into the text field identified by ``locator``.</doc>
<status status="PASS" start="2025-04-07T02:41:11.612642" elapsed="0.110342"/>
</kw>
<kw name="Click Button" owner="SeleniumLibrary">
<msg time="2025-04-07T02:41:11.723988" level="INFO">Clicking button '//button[@type = "submit"]'.</msg>
<arg>${login_btn}</arg>
<doc>Clicks the button identified by ``locator``.</doc>
<status status="PASS" start="2025-04-07T02:41:11.723988" elapsed="0.111263"/>
</kw>
<arg>${login_data}</arg>
<status status="PASS" start="2025-04-07T02:41:06.334565" elapsed="5.500686"/>
</kw>
<kw name="Click On Logout On The Home Page" owner="rns_keywords">
<kw name="Wait Until Element Is Visible" owner="SeleniumLibrary">
<arg>${logout_nav}</arg>
<arg>timeout=10s</arg>
<doc>Waits until the element ``locator`` is visible.</doc>
<status status="PASS" start="2025-04-07T02:41:11.836256" elapsed="1.836994"/>
</kw>
<kw name="Click Element" owner="SeleniumLibrary">
<msg time="2025-04-07T02:41:13.674246" level="INFO">Clicking element '//a[contains(text(),"Logout")]'.</msg>
<arg>${logout_nav}</arg>
<doc>Click the element identified by ``locator``.</doc>
<status status="PASS" start="2025-04-07T02:41:13.674246" elapsed="0.397756"/>
</kw>
<status status="PASS" start="2025-04-07T02:41:11.836256" elapsed="2.236761"/>
</kw>
<kw name="Verify Login Page Is Visible After Logging Out" owner="rns_keywords">
<kw name="Wait Until Page Contains" owner="SeleniumLibrary">
<arg>Login Page</arg>
<doc>Waits until ``text`` appears on the current page.</doc>
<status status="PASS" start="2025-04-07T02:41:14.074991" elapsed="0.027456"/>
</kw>
<kw name="Page Should Contain Element" owner="SeleniumLibrary">
<msg time="2025-04-07T02:41:14.139379" level="INFO">Current page contains element '//button[@type = "submit"]'.</msg>
<arg>${login_btn}</arg>
<doc>Verifies that element ``locator`` is found on the current page.</doc>
<status status="PASS" start="2025-04-07T02:41:14.106003" elapsed="0.033376"/>
</kw>
<status status="PASS" start="2025-04-07T02:41:14.073993" elapsed="0.066387"/>
</kw>
<tag>TC-ID-08</tag>
<status status="PASS" start="2025-04-07T02:41:03.849061" elapsed="10.292356"/>
</test>
<test id="s1-s1-s1-s1-t8" name="TC-ID-09 Verify user is able to view and click on SELL OLD BOOK on Navbar and redirect to Add Details page" line="68">
<kw name="Open The Chrome Browser" owner="rns_keywords">
<kw name="Open Browser" owner="SeleniumLibrary">
<msg time="2025-04-07T02:41:14.152436" level="INFO">Opening browser 'chrome' to base url 'http://127.0.0.1:8000/login/?next=/'.</msg>
<arg>${url}</arg>
<arg>${browser}</arg>
<doc>Opens a new browser instance to the optional ``url``.</doc>
<status status="PASS" start="2025-04-07T02:41:14.151416" elapsed="2.079474"/>
</kw>
<kw name="Maximize Browser Window" owner="SeleniumLibrary">
<doc>Maximizes current browser window.</doc>
<status status="PASS" start="2025-04-07T02:41:16.230890" elapsed="0.274411"/>
</kw>
<kw name="Page Should Contain" owner="SeleniumLibrary">
<msg time="2025-04-07T02:41:16.525202" level="INFO">Current page contains text 'Login Page'.</msg>
<arg>Login Page</arg>
<doc>Verifies that current page contains ``text``.</doc>
<status status="PASS" start="2025-04-07T02:41:16.505301" elapsed="0.019901"/>
</kw>
<status status="PASS" start="2025-04-07T02:41:14.150416" elapsed="2.375781"/>
</kw>
<kw name="Fetch Testdata By Id" owner="utilities">
<msg time="2025-04-07T02:41:16.539271" level="INFO">${login_data} = {'TC_ID': 'TC-ID-09', 'username': 'sakshi', 'password': 123, 'first_name': None, 'last_name': None, 'new_user_name': None, 'new_password': None, 'confirm_password': None, None: None}</msg>
<var>${login_data}</var>
<arg>${TestData}</arg>
<arg>TC-ID-09</arg>
<status status="PASS" start="2025-04-07T02:41:16.527199" elapsed="0.012072"/>
</kw>
<kw name="Enter With Username And Password And Click On Login Button" owner="rns_keywords">
<kw name="Create Dictionary" owner="BuiltIn">
<msg time="2025-04-07T02:41:16.541227" level="INFO">${my_dict} = {'TC_ID': 'TC-ID-09', 'username': 'sakshi', 'password': 123, 'first_name': None, 'last_name': None, 'new_user_name': None, 'new_password': None, 'confirm_password': None, None: None}</msg>
<var>${my_dict}</var>
<arg>&amp;{my_dict}</arg>
<doc>Creates and returns a dictionary based on the given ``items``.</doc>
<status status="PASS" start="2025-04-07T02:41:16.541227" elapsed="0.000000"/>
</kw>
<kw name="Wait Until Page Contains" owner="SeleniumLibrary">
<arg>Login Page</arg>
<doc>Waits until ``text`` appears on the current page.</doc>
<status status="PASS" start="2025-04-07T02:41:16.541227" elapsed="0.014094"/>
</kw>
<kw name="Sleep" owner="BuiltIn">
<msg time="2025-04-07T02:41:21.568468" level="INFO">Slept 5 seconds.</msg>
<arg>5s</arg>
<doc>Pauses the test executed for the given time.</doc>
<status status="PASS" start="2025-04-07T02:41:16.556322" elapsed="5.012146"/>
</kw>
<kw name="Page Should Contain" owner="SeleniumLibrary">
<msg time="2025-04-07T02:41:21.600143" level="INFO">Current page contains text 'Login Page'.</msg>
<arg>Login Page</arg>
<doc>Verifies that current page contains ``text``.</doc>
<status status="PASS" start="2025-04-07T02:41:21.569538" elapsed="0.030605"/>
</kw>
<kw name="Wait Until Element Is Visible" owner="SeleniumLibrary">
<arg>${username}</arg>
<doc>Waits until the element ``locator`` is visible.</doc>
<status status="PASS" start="2025-04-07T02:41:21.601167" elapsed="0.037588"/>
</kw>
<kw name="Input Text" owner="SeleniumLibrary">
<msg time="2025-04-07T02:41:21.643674" level="INFO">Typing text 'sakshi' into text field '//input[@id = "username"]'.</msg>
<arg>${username}</arg>
<arg>${my_dict.username}</arg>
<doc>Types the given ``text`` into the text field identified by ``locator``.</doc>
<status status="PASS" start="2025-04-07T02:41:21.639725" elapsed="0.127241"/>
</kw>
<kw name="Input Password" owner="SeleniumLibrary">
<msg time="2025-04-07T02:41:21.770069" level="INFO">Typing password into text field '//input[@id= "password"]'.</msg>
<msg time="2025-04-07T02:41:21.828183" level="INFO">Temporally setting log level to: NONE</msg>
<arg>${password}</arg>
<arg>${my_dict.password}</arg>
<doc>Types the given password into the text field identified by ``locator``.</doc>
<status status="PASS" start="2025-04-07T02:41:21.767959" elapsed="0.151506"/>
</kw>
<kw name="Click Button" owner="SeleniumLibrary">
<msg time="2025-04-07T02:41:21.920488" level="INFO">Clicking button '//button[@type = "submit"]'.</msg>
<arg>${login_btn}</arg>
<doc>Clicks the button identified by ``locator``.</doc>
<status status="PASS" start="2025-04-07T02:41:21.920488" elapsed="1.629911"/>
</kw>
<arg>${login_data}</arg>
<status status="PASS" start="2025-04-07T02:41:16.540222" elapsed="7.010177"/>
</kw>
<kw name="Click On Sell Old Book On Home Page" owner="rns_keywords">
<kw name="Wait Until Element Is Visible" owner="SeleniumLibrary">
<arg>${sell_old_book_nav}</arg>
<arg>timeout=10s</arg>
<doc>Waits until the element ``locator`` is visible.</doc>
<status status="PASS" start="2025-04-07T02:41:23.551390" elapsed="0.052541"/>
</kw>
<kw name="Click Element" owner="SeleniumLibrary">
<msg time="2025-04-07T02:41:23.605049" level="INFO">Clicking element '//a[contains(text(), "Sell Old Book")]'.</msg>
<arg>${sell_old_book_nav}</arg>
<doc>Click the element identified by ``locator``.</doc>
<status status="PASS" start="2025-04-07T02:41:23.605049" elapsed="0.633121"/>
</kw>
<status status="PASS" start="2025-04-07T02:41:23.551390" elapsed="0.686780"/>
</kw>
<kw name="Verify Adding Sell Old Books Section" owner="rns_keywords">
<kw name="Wait Until Page Contains" owner="SeleniumLibrary">
<arg>Add Details</arg>
<doc>Waits until ``text`` appears on the current page.</doc>
<status status="PASS" start="2025-04-07T02:41:24.239172" elapsed="0.017995"/>
</kw>
<status status="PASS" start="2025-04-07T02:41:24.239172" elapsed="0.017995"/>
</kw>
<tag>TC-ID-09</tag>
<status status="PASS" start="2025-04-07T02:41:14.147302" elapsed="10.111874"/>
</test>
<test id="s1-s1-s1-s1-t9" name="TC-ID-10 Verify user is able to view and click on &quot;ABOUT US&quot; on Login Navbar and redirect to &quot;Know us&quot; page" line="76">
<kw name="Open The Chrome Browser" owner="rns_keywords">
<kw name="Open Browser" owner="SeleniumLibrary">
<msg time="2025-04-07T02:41:24.266218" level="INFO">Opening browser 'chrome' to base url 'http://127.0.0.1:8000/login/?next=/'.</msg>
<arg>${url}</arg>
<arg>${browser}</arg>
<doc>Opens a new browser instance to the optional ``url``.</doc>
<status status="PASS" start="2025-04-07T02:41:24.265290" elapsed="6.137032"/>
</kw>
<kw name="Maximize Browser Window" owner="SeleniumLibrary">
<doc>Maximizes current browser window.</doc>
<status status="PASS" start="2025-04-07T02:41:30.402322" elapsed="0.055709"/>
</kw>
<kw name="Page Should Contain" owner="SeleniumLibrary">
<msg time="2025-04-07T02:41:30.478036" level="INFO">Current page contains text 'Login Page'.</msg>
<arg>Login Page</arg>
<doc>Verifies that current page contains ``text``.</doc>
<status status="PASS" start="2025-04-07T02:41:30.459034" elapsed="0.019002"/>
</kw>
<status status="PASS" start="2025-04-07T02:41:24.264232" elapsed="6.213804"/>
</kw>
<kw name="Fetch Testdata By Id" owner="utilities">
<msg time="2025-04-07T02:41:30.498136" level="INFO">${login_data} = {'TC_ID': 'TC-ID-10', 'username': 'sakshi', 'password': 123, 'first_name': None, 'last_name': None, 'new_user_name': None, 'new_password': None, 'confirm_password': None, None: None}</msg>
<var>${login_data}</var>
<arg>${TestData}</arg>
<arg>TC-ID-10</arg>
<status status="PASS" start="2025-04-07T02:41:30.479033" elapsed="0.020006"/>
</kw>
<kw name="Verify Login Page Is Visible After Logging Out" owner="rns_keywords">
<kw name="Wait Until Page Contains" owner="SeleniumLibrary">
<arg>Login Page</arg>
<doc>Waits until ``text`` appears on the current page.</doc>
<status status="PASS" start="2025-04-07T02:41:30.501051" elapsed="0.010996"/>
</kw>
<kw name="Page Should Contain Element" owner="SeleniumLibrary">
<msg time="2025-04-07T02:41:30.526741" level="INFO">Current page contains element '//button[@type = "submit"]'.</msg>
<arg>${login_btn}</arg>
<doc>Verifies that element ``locator`` is found on the current page.</doc>
<status status="PASS" start="2025-04-07T02:41:30.513051" elapsed="0.014691"/>
</kw>
<status status="PASS" start="2025-04-07T02:41:30.500049" elapsed="0.027693"/>
</kw>
<kw name="Click On About Us Link On Navigation Bar Of Login Page" owner="rns_keywords">
<kw name="Wait Until Element Is Visible" owner="SeleniumLibrary">
<arg>${about_us_link}</arg>
<arg>timeout=10s</arg>
<doc>Waits until the element ``locator`` is visible.</doc>
<status status="PASS" start="2025-04-07T02:41:30.528740" elapsed="0.028091"/>
</kw>
<kw name="Click Element" owner="SeleniumLibrary">
<msg time="2025-04-07T02:41:30.559819" level="INFO">Clicking element '// a[contains(text(),"About Us")]'.</msg>
<arg>${about_us_link}</arg>
<doc>Click the element identified by ``locator``.</doc>
<status status="PASS" start="2025-04-07T02:41:30.557831" elapsed="0.279005"/>
</kw>
<status status="PASS" start="2025-04-07T02:41:30.528740" elapsed="0.309318"/>
</kw>
<kw name="Verify About Us Page Contains Title As KnowUs" owner="rns_keywords">
<kw name="Page Should Contain" owner="SeleniumLibrary">
<msg time="2025-04-07T02:41:30.864566" level="INFO">Current page contains text 'Know US'.</msg>
<arg>Know US</arg>
<doc>Verifies that current page contains ``text``.</doc>
<status status="PASS" start="2025-04-07T02:41:30.839070" elapsed="0.025496"/>
</kw>
<kw name="Page Should Contain" owner="SeleniumLibrary">
<msg time="2025-04-07T02:41:30.878803" level="INFO">Current page contains text 'About Us'.</msg>
<arg>About Us</arg>
<doc>Verifies that current page contains ``text``.</doc>
<status status="PASS" start="2025-04-07T02:41:30.864566" elapsed="0.014237"/>
</kw>
<status status="PASS" start="2025-04-07T02:41:30.838058" elapsed="0.041744"/>
</kw>
<tag>TC-ID-10</tag>
<status status="PASS" start="2025-04-07T02:41:24.262293" elapsed="6.617509"/>
</test>
<test id="s1-s1-s1-s1-t10" name="TC-ID-11 Verify user is able to view and click on CONTACT US on Navbar and redirect to Let's talk page" line="84">
<kw name="Open The Chrome Browser" owner="rns_keywords">
<kw name="Open Browser" owner="SeleniumLibrary">
<msg time="2025-04-07T02:41:30.881801" level="INFO">Opening browser 'chrome' to base url 'http://127.0.0.1:8000/login/?next=/'.</msg>
<arg>${url}</arg>
<arg>${browser}</arg>
<doc>Opens a new browser instance to the optional ``url``.</doc>
<status status="PASS" start="2025-04-07T02:41:30.881801" elapsed="2.241173"/>
</kw>
<kw name="Maximize Browser Window" owner="SeleniumLibrary">
<doc>Maximizes current browser window.</doc>
<status status="PASS" start="2025-04-07T02:41:33.123971" elapsed="0.052122"/>
</kw>
<kw name="Page Should Contain" owner="SeleniumLibrary">
<msg time="2025-04-07T02:41:33.199485" level="INFO">Current page contains text 'Login Page'.</msg>
<arg>Login Page</arg>
<doc>Verifies that current page contains ``text``.</doc>
<status status="PASS" start="2025-04-07T02:41:33.176093" elapsed="0.023392"/>
</kw>
<status status="PASS" start="2025-04-07T02:41:30.881801" elapsed="2.317684"/>
</kw>
<kw name="Fetch Testdata By Id" owner="utilities">
<msg time="2025-04-07T02:41:33.214494" level="INFO">${login_data} = {'TC_ID': 'TC-ID-11', 'username': 'sakshi', 'password': 123, 'first_name': None, 'last_name': None, 'new_user_name': None, 'new_password': None, 'confirm_password': None, None: None}</msg>
<var>${login_data}</var>
<arg>${TestData}</arg>
<arg>TC-ID-11</arg>
<status status="PASS" start="2025-04-07T02:41:33.200483" elapsed="0.014011"/>
</kw>
<kw name="Verify Login Page Is Visible After Logging Out" owner="rns_keywords">
<kw name="Wait Until Page Contains" owner="SeleniumLibrary">
<arg>Login Page</arg>
<doc>Waits until ``text`` appears on the current page.</doc>
<status status="PASS" start="2025-04-07T02:41:33.215492" elapsed="0.013134"/>
</kw>
<kw name="Page Should Contain Element" owner="SeleniumLibrary">
<msg time="2025-04-07T02:41:33.244358" level="INFO">Current page contains element '//button[@type = "submit"]'.</msg>
<arg>${login_btn}</arg>
<doc>Verifies that element ``locator`` is found on the current page.</doc>
<status status="PASS" start="2025-04-07T02:41:33.229875" elapsed="0.014483"/>
</kw>
<status status="PASS" start="2025-04-07T02:41:33.215492" elapsed="0.028866"/>
</kw>
<kw name="Click On Contact Us Link On Navigation Bar Of Login Page" owner="rns_keywords">
<kw name="Wait Until Element Is Visible" owner="SeleniumLibrary">
<arg>${contact_us_link}</arg>
<doc>Waits until the element ``locator`` is visible.</doc>
<status status="PASS" start="2025-04-07T02:41:33.246351" elapsed="0.028527"/>
</kw>
<kw name="Click Element" owner="SeleniumLibrary">
<msg time="2025-04-07T02:41:33.276865" level="INFO">Clicking element '// a[contains(text(),"Contact Us")]'.</msg>
<arg>${contact_us_link}</arg>
<doc>Click the element identified by ``locator``.</doc>
<status status="PASS" start="2025-04-07T02:41:33.275865" elapsed="0.221503"/>
</kw>
<status status="PASS" start="2025-04-07T02:41:33.245356" elapsed="0.252012"/>
</kw>
<kw name="Verify Contact Us Page" owner="rns_keywords">
<kw name="Page Should Contain" owner="SeleniumLibrary">
<msg time="2025-04-07T02:41:33.530398" level="INFO">Current page contains text 'Let's_talk'.</msg>
<arg>Let's_talk</arg>
<doc>Verifies that current page contains ``text``.</doc>
<status status="PASS" start="2025-04-07T02:41:33.498367" elapsed="0.033044"/>
</kw>
<kw name="Page Should Contain" owner="SeleniumLibrary">
<msg time="2025-04-07T02:41:33.544571" level="INFO">Current page contains text 'Visit one of our agency locations or contact us today'.</msg>
<arg>Visit one of our agency locations or contact us today</arg>
<doc>Verifies that current page contains ``text``.</doc>
<status status="PASS" start="2025-04-07T02:41:33.531411" elapsed="0.013160"/>
</kw>
<status status="PASS" start="2025-04-07T02:41:33.498367" elapsed="0.046204"/>
</kw>
<tag>TC-ID-11</tag>
<status status="PASS" start="2025-04-07T02:41:30.880804" elapsed="2.664779"/>
</test>
<test id="s1-s1-s1-s1-t11" name="TC-ID-12 Verify user is able to view and click on REGISTER on Navbar and redirect to Register page" line="92">
<kw name="Open The Chrome Browser" owner="rns_keywords">
<kw name="Open Browser" owner="SeleniumLibrary">
<msg time="2025-04-07T02:41:33.548581" level="INFO">Opening browser 'chrome' to base url 'http://127.0.0.1:8000/login/?next=/'.</msg>
<arg>${url}</arg>
<arg>${browser}</arg>
<doc>Opens a new browser instance to the optional ``url``.</doc>
<status status="PASS" start="2025-04-07T02:41:33.548581" elapsed="2.256688"/>
</kw>
<kw name="Maximize Browser Window" owner="SeleniumLibrary">
<doc>Maximizes current browser window.</doc>
<status status="PASS" start="2025-04-07T02:41:35.806270" elapsed="0.063520"/>
</kw>
<kw name="Page Should Contain" owner="SeleniumLibrary">
<msg time="2025-04-07T02:41:35.890783" level="INFO">Current page contains text 'Login Page'.</msg>
<arg>Login Page</arg>
<doc>Verifies that current page contains ``text``.</doc>
<status status="PASS" start="2025-04-07T02:41:35.869790" elapsed="0.021993"/>
</kw>
<status status="PASS" start="2025-04-07T02:41:33.547588" elapsed="2.345200"/>
</kw>
<kw name="Fetch Testdata By Id" owner="utilities">
<msg time="2025-04-07T02:41:35.904789" level="INFO">${login_data} = {'TC_ID': 'TC-ID-12', 'username': 'sakshi', 'password': 123, 'first_name': None, 'last_name': None, 'new_user_name': None, 'new_password': None, 'confirm_password': None, None: None}</msg>
<var>${login_data}</var>
<arg>${TestData}</arg>
<arg>TC-ID-12</arg>
<status status="PASS" start="2025-04-07T02:41:35.893786" elapsed="0.011003"/>
</kw>
<kw name="Verify Login Page Is Visible After Logging Out" owner="rns_keywords">
<kw name="Wait Until Page Contains" owner="SeleniumLibrary">
<arg>Login Page</arg>
<doc>Waits until ``text`` appears on the current page.</doc>
<status status="PASS" start="2025-04-07T02:41:35.905791" elapsed="0.008997"/>
</kw>
<kw name="Page Should Contain Element" owner="SeleniumLibrary">
<msg time="2025-04-07T02:41:35.941304" level="INFO">Current page contains element '//button[@type = "submit"]'.</msg>
<arg>${login_btn}</arg>
<doc>Verifies that element ``locator`` is found on the current page.</doc>
<status status="PASS" start="2025-04-07T02:41:35.915787" elapsed="0.025517"/>
</kw>
<status status="PASS" start="2025-04-07T02:41:35.905791" elapsed="0.035513"/>
</kw>
<kw name="Click On The Register Link Of Navigation Bar On Login Page" owner="rns_keywords">
<kw name="Wait Until Element Is Visible" owner="SeleniumLibrary">
<arg>${register_link}</arg>
<doc>Waits until the element ``locator`` is visible.</doc>
<status status="PASS" start="2025-04-07T02:41:35.944307" elapsed="0.023997"/>
</kw>
<kw name="Click Element" owner="SeleniumLibrary">
<msg time="2025-04-07T02:41:35.968304" level="INFO">Clicking element '// a[text()="Register"]'.</msg>
<arg>${register_link}</arg>
<doc>Click the element identified by ``locator``.</doc>
<status status="PASS" start="2025-04-07T02:41:35.968304" elapsed="0.805466"/>
</kw>
<status status="PASS" start="2025-04-07T02:41:35.944307" elapsed="0.829463"/>
</kw>
<kw name="Verify Register Page" owner="rns_keywords">
<kw name="Page Should Contain" owner="SeleniumLibrary">
<msg time="2025-04-07T02:41:36.796722" level="INFO">Current page contains text 'Register'.</msg>
<arg>Register</arg>
<doc>Verifies that current page contains ``text``.</doc>
<status status="PASS" start="2025-04-07T02:41:36.776616" elapsed="0.020106"/>
</kw>
<kw name="Wait Until Element Is Visible" owner="SeleniumLibrary">
<arg>${first_name}</arg>
<arg>timeout=10s</arg>
<doc>Waits until the element ``locator`` is visible.</doc>
<status status="PASS" start="2025-04-07T02:41:36.797722" elapsed="0.022298"/>
</kw>
<status status="PASS" start="2025-04-07T02:41:36.776106" elapsed="0.043914"/>
</kw>
<tag>TC-ID-12</tag>
<status status="PASS" start="2025-04-07T02:41:33.546580" elapsed="3.274440"/>
</test>
<test id="s1-s1-s1-s1-t12" name="TC-ID-13 Verify user is able to view and click on Register here hyperlink present at bottom of login page and redirect to Register page" line="100">
<kw name="Open The Chrome Browser" owner="rns_keywords">
<kw name="Open Browser" owner="SeleniumLibrary">
<msg time="2025-04-07T02:41:36.823528" level="INFO">Opening browser 'chrome' to base url 'http://127.0.0.1:8000/login/?next=/'.</msg>
<arg>${url}</arg>
<arg>${browser}</arg>
<doc>Opens a new browser instance to the optional ``url``.</doc>
<status status="PASS" start="2025-04-07T02:41:36.823528" elapsed="2.576977"/>
</kw>
<kw name="Maximize Browser Window" owner="SeleniumLibrary">
<doc>Maximizes current browser window.</doc>
<status status="PASS" start="2025-04-07T02:41:39.401618" elapsed="0.061550"/>
</kw>
<kw name="Page Should Contain" owner="SeleniumLibrary">
<msg time="2025-04-07T02:41:39.490081" level="INFO">Current page contains text 'Login Page'.</msg>
<arg>Login Page</arg>
<doc>Verifies that current page contains ``text``.</doc>
<status status="PASS" start="2025-04-07T02:41:39.464170" elapsed="0.026914"/>
</kw>
<status status="PASS" start="2025-04-07T02:41:36.823022" elapsed="2.668062"/>
</kw>
<kw name="Fetch Testdata By Id" owner="utilities">
<msg time="2025-04-07T02:41:39.510118" level="INFO">${login_data} = {'TC_ID': 'TC-ID-13', 'username': 'sakshi', 'password': 123, 'first_name': None, 'last_name': None, 'new_user_name': None, 'new_password': None, 'confirm_password': None, None: None}</msg>
<var>${login_data}</var>
<arg>${TestData}</arg>
<arg>TC-ID-13</arg>
<status status="PASS" start="2025-04-07T02:41:39.493426" elapsed="0.016692"/>
</kw>
<kw name="Verify Login Page Is Visible After Logging Out" owner="rns_keywords">
<kw name="Wait Until Page Contains" owner="SeleniumLibrary">
<arg>Login Page</arg>
<doc>Waits until ``text`` appears on the current page.</doc>
<status status="PASS" start="2025-04-07T02:41:39.512125" elapsed="0.010455"/>
</kw>
<kw name="Page Should Contain Element" owner="SeleniumLibrary">
<msg time="2025-04-07T02:41:39.553509" level="INFO">Current page contains element '//button[@type = "submit"]'.</msg>
<arg>${login_btn}</arg>
<doc>Verifies that element ``locator`` is found on the current page.</doc>
<status status="PASS" start="2025-04-07T02:41:39.523596" elapsed="0.029913"/>
</kw>
<status status="PASS" start="2025-04-07T02:41:39.511166" elapsed="0.042343"/>
</kw>
<kw name="Click On The Register HyperLink On Login Page" owner="rns_keywords">
<kw name="Wait Until Element Is Visible" owner="SeleniumLibrary">
<arg>${register_hyperlink}</arg>
<arg>timeout=10s</arg>
<doc>Waits until the element ``locator`` is visible.</doc>
<status status="PASS" start="2025-04-07T02:41:39.554507" elapsed="0.030042"/>
</kw>
<kw name="Click Element" owner="SeleniumLibrary">
<msg time="2025-04-07T02:41:39.585548" level="INFO">Clicking element '//a[contains(text(),"Register here")]'.</msg>
<arg>${register_hyperlink}</arg>
<doc>Click the element identified by ``locator``.</doc>
<status status="PASS" start="2025-04-07T02:41:39.584549" elapsed="0.793645"/>
</kw>
<status status="PASS" start="2025-04-07T02:41:39.554507" elapsed="0.823687"/>
</kw>
<kw name="Verify Register Page" owner="rns_keywords">
<kw name="Page Should Contain" owner="SeleniumLibrary">
<msg time="2025-04-07T02:41:40.399325" level="INFO">Current page contains text 'Register'.</msg>
<arg>Register</arg>
<doc>Verifies that current page contains ``text``.</doc>
<status status="PASS" start="2025-04-07T02:41:40.379764" elapsed="0.020571"/>
</kw>
<kw name="Wait Until Element Is Visible" owner="SeleniumLibrary">
<arg>${first_name}</arg>
<arg>timeout=10s</arg>
<doc>Waits until the element ``locator`` is visible.</doc>
<status status="PASS" start="2025-04-07T02:41:40.400335" elapsed="0.029916"/>
</kw>
<status status="PASS" start="2025-04-07T02:41:40.379764" elapsed="0.050487"/>
</kw>
<tag>TC-ID-13</tag>
<status status="PASS" start="2025-04-07T02:41:36.822021" elapsed="3.608230"/>
</test>
<test id="s1-s1-s1-s1-t13" name="TC-ID-14 Verify user is able to view and click on ABOUT US on Register Navbar and redirect to Know us page" line="108">
<kw name="Open The Chrome Browser" owner="rns_keywords">
<kw name="Open Browser" owner="SeleniumLibrary">
<msg time="2025-04-07T02:41:40.433760" level="INFO">Opening browser 'chrome' to base url 'http://127.0.0.1:8000/login/?next=/'.</msg>
<arg>${url}</arg>
<arg>${browser}</arg>
<doc>Opens a new browser instance to the optional ``url``.</doc>
<status status="PASS" start="2025-04-07T02:41:40.432760" elapsed="2.139130"/>
</kw>
<kw name="Maximize Browser Window" owner="SeleniumLibrary">
<doc>Maximizes current browser window.</doc>
<status status="PASS" start="2025-04-07T02:41:42.572891" elapsed="0.049006"/>
</kw>
<kw name="Page Should Contain" owner="SeleniumLibrary">
<msg time="2025-04-07T02:41:42.649929" level="INFO">Current page contains text 'Login Page'.</msg>
<arg>Login Page</arg>
<doc>Verifies that current page contains ``text``.</doc>
<status status="PASS" start="2025-04-07T02:41:42.621897" elapsed="0.028032"/>
</kw>
<status status="PASS" start="2025-04-07T02:41:40.432760" elapsed="2.217169"/>
</kw>
<kw name="Fetch Testdata By Id" owner="utilities">
<msg time="2025-04-07T02:41:42.666925" level="INFO">${login_data} = {'TC_ID': 'TC-ID-14', 'username': 'sakshi', 'password': 123, 'first_name': None, 'last_name': None, 'new_user_name': None, 'new_password': None, 'confirm_password': None, None: None}</msg>
<var>${login_data}</var>
<arg>${TestData}</arg>
<arg>TC-ID-14</arg>
<status status="PASS" start="2025-04-07T02:41:42.650928" elapsed="0.015997"/>
</kw>
<kw name="Verify Login Page Is Visible After Logging Out" owner="rns_keywords">
<kw name="Wait Until Page Contains" owner="SeleniumLibrary">
<arg>Login Page</arg>
<doc>Waits until ``text`` appears on the current page.</doc>
<status status="PASS" start="2025-04-07T02:41:42.667927" elapsed="0.012001"/>
</kw>
<kw name="Page Should Contain Element" owner="SeleniumLibrary">
<msg time="2025-04-07T02:41:42.695931" level="INFO">Current page contains element '//button[@type = "submit"]'.</msg>
<arg>${login_btn}</arg>
<doc>Verifies that element ``locator`` is found on the current page.</doc>
<status status="PASS" start="2025-04-07T02:41:42.679928" elapsed="0.016003"/>
</kw>
<status status="PASS" start="2025-04-07T02:41:42.667927" elapsed="0.028004"/>
</kw>
<kw name="Click On About Us Link On Navigation Bar Of Register Page" owner="rns_keywords">
<kw name="Wait Until Element Is Visible" owner="SeleniumLibrary">
<arg>${about_us_link}</arg>
<arg>timeout=10s</arg>
<doc>Waits until the element ``locator`` is visible.</doc>
<status status="PASS" start="2025-04-07T02:41:42.696926" elapsed="0.023013"/>
</kw>
<kw name="Click Element" owner="SeleniumLibrary">
<msg time="2025-04-07T02:41:42.720939" level="INFO">Clicking element '// a[contains(text(),"About Us")]'.</msg>
<arg>${about_us_link}</arg>
<doc>Click the element identified by ``locator``.</doc>
<status status="PASS" start="2025-04-07T02:41:42.720939" elapsed="0.199040"/>
</kw>
<status status="PASS" start="2025-04-07T02:41:42.696926" elapsed="0.223053"/>
</kw>
<kw name="Verify About Us Page Contains Title As KnowUs" owner="rns_keywords">
<kw name="Page Should Contain" owner="SeleniumLibrary">
<msg time="2025-04-07T02:41:42.956497" level="INFO">Current page contains text 'Know US'.</msg>
<arg>Know US</arg>
<doc>Verifies that current page contains ``text``.</doc>
<status status="PASS" start="2025-04-07T02:41:42.920980" elapsed="0.035517"/>
</kw>
<kw name="Page Should Contain" owner="SeleniumLibrary">
<msg time="2025-04-07T02:41:42.980499" level="INFO">Current page contains text 'About Us'.</msg>
<arg>About Us</arg>
<doc>Verifies that current page contains ``text``.</doc>
<status status="PASS" start="2025-04-07T02:41:42.956497" elapsed="0.024002"/>
</kw>
<status status="PASS" start="2025-04-07T02:41:42.920980" elapsed="0.059519"/>
</kw>
<tag>TC-ID-14</tag>
<status status="PASS" start="2025-04-07T02:41:40.431751" elapsed="2.549746"/>
</test>
<test id="s1-s1-s1-s1-t14" name="TC-ID-15 Verify user is able to view and click on CONTACT US on Navbar and redirect to Let's talk page" line="116">
<kw name="Open The Chrome Browser" owner="rns_keywords">
<kw name="Open Browser" owner="SeleniumLibrary">
<msg time="2025-04-07T02:41:42.984498" level="INFO">Opening browser 'chrome' to base url 'http://127.0.0.1:8000/login/?next=/'.</msg>
<arg>${url}</arg>
<arg>${browser}</arg>
<doc>Opens a new browser instance to the optional ``url``.</doc>
<status status="PASS" start="2025-04-07T02:41:42.983499" elapsed="2.246787"/>
</kw>
<kw name="Maximize Browser Window" owner="SeleniumLibrary">
<doc>Maximizes current browser window.</doc>
<status status="PASS" start="2025-04-07T02:41:45.230286" elapsed="0.054997"/>
</kw>
<kw name="Page Should Contain" owner="SeleniumLibrary">
<msg time="2025-04-07T02:41:45.306290" level="INFO">Current page contains text 'Login Page'.</msg>
<arg>Login Page</arg>
<doc>Verifies that current page contains ``text``.</doc>
<status status="PASS" start="2025-04-07T02:41:45.286284" elapsed="0.020006"/>
</kw>
<status status="PASS" start="2025-04-07T02:41:42.983499" elapsed="2.322791"/>
</kw>
<kw name="Fetch Testdata By Id" owner="utilities">
<msg time="2025-04-07T02:41:45.319817" level="INFO">${login_data} = {'TC_ID': 'TC-ID-15', 'username': 'sakshi', 'password': 123, 'first_name': None, 'last_name': None, 'new_user_name': None, 'new_password': None, 'confirm_password': None, None: None}</msg>
<var>${login_data}</var>
<arg>${TestData}</arg>
<arg>TC-ID-15</arg>
<status status="PASS" start="2025-04-07T02:41:45.306800" elapsed="0.014017"/>
</kw>
<kw name="Verify Login Page Is Visible After Logging Out" owner="rns_keywords">
<kw name="Wait Until Page Contains" owner="SeleniumLibrary">
<arg>Login Page</arg>
<doc>Waits until ``text`` appears on the current page.</doc>
<status status="PASS" start="2025-04-07T02:41:45.321815" elapsed="0.030573"/>
</kw>
<kw name="Page Should Contain Element" owner="SeleniumLibrary">
<msg time="2025-04-07T02:41:45.369388" level="INFO">Current page contains element '//button[@type = "submit"]'.</msg>
<arg>${login_btn}</arg>
<doc>Verifies that element ``locator`` is found on the current page.</doc>
<status status="PASS" start="2025-04-07T02:41:45.352388" elapsed="0.017000"/>
</kw>
<status status="PASS" start="2025-04-07T02:41:45.320817" elapsed="0.048571"/>
</kw>
<kw name="Click On Contact Us Link On Navigation Bar Of Register Page" owner="rns_keywords">
<kw name="Wait Until Element Is Visible" owner="SeleniumLibrary">
<arg>${contact_us_link}</arg>
<doc>Waits until the element ``locator`` is visible.</doc>
<status status="PASS" start="2025-04-07T02:41:45.370389" elapsed="0.025001"/>
</kw>
<kw name="Click Element" owner="SeleniumLibrary">
<msg time="2025-04-07T02:41:45.396388" level="INFO">Clicking element '// a[contains(text(),"Contact Us")]'.</msg>
<arg>${contact_us_link}</arg>
<doc>Click the element identified by ``locator``.</doc>
<status status="PASS" start="2025-04-07T02:41:45.395390" elapsed="1.363919"/>
</kw>
<status status="PASS" start="2025-04-07T02:41:45.370389" elapsed="1.388920"/>
</kw>
<kw name="Verify Contact Us Page" owner="rns_keywords">
<kw name="Page Should Contain" owner="SeleniumLibrary">
<msg time="2025-04-07T02:41:46.778939" level="INFO">Current page contains text 'Let's_talk'.</msg>
<arg>Let's_talk</arg>
<doc>Verifies that current page contains ``text``.</doc>
<status status="PASS" start="2025-04-07T02:41:46.761608" elapsed="0.017331"/>
</kw>
<kw name="Page Should Contain" owner="SeleniumLibrary">
<msg time="2025-04-07T02:41:46.793453" level="INFO">Current page contains text 'Visit one of our agency locations or contact us today'.</msg>
<arg>Visit one of our agency locations or contact us today</arg>
<doc>Verifies that current page contains ``text``.</doc>
<status status="PASS" start="2025-04-07T02:41:46.779989" elapsed="0.013464"/>
</kw>
<status status="PASS" start="2025-04-07T02:41:46.760327" elapsed="0.033126"/>
</kw>
<tag>TC-ID-15</tag>
<status status="PASS" start="2025-04-07T02:41:42.982496" elapsed="3.811970"/>
</test>
<test id="s1-s1-s1-s1-t15" name="TC-ID-16 Verify user is able to view and click on REGISTER on Navbar and redirect to Register page" line="124">
<kw name="Open The Chrome Browser" owner="rns_keywords">
<kw name="Open Browser" owner="SeleniumLibrary">
<msg time="2025-04-07T02:41:46.798468" level="INFO">Opening browser 'chrome' to base url 'http://127.0.0.1:8000/login/?next=/'.</msg>
<arg>${url}</arg>
<arg>${browser}</arg>
<doc>Opens a new browser instance to the optional ``url``.</doc>
<status status="PASS" start="2025-04-07T02:41:46.797470" elapsed="1.953046"/>
</kw>
<kw name="Maximize Browser Window" owner="SeleniumLibrary">
<doc>Maximizes current browser window.</doc>
<status status="PASS" start="2025-04-07T02:41:48.750516" elapsed="0.048632"/>
</kw>
<kw name="Page Should Contain" owner="SeleniumLibrary">
<msg time="2025-04-07T02:41:48.822353" level="INFO">Current page contains text 'Login Page'.</msg>
<arg>Login Page</arg>
<doc>Verifies that current page contains ``text``.</doc>
<status status="PASS" start="2025-04-07T02:41:48.799148" elapsed="0.023205"/>
</kw>
<status status="PASS" start="2025-04-07T02:41:46.796471" elapsed="2.025882"/>
</kw>
<kw name="Fetch Testdata By Id" owner="utilities">
<msg time="2025-04-07T02:41:48.835873" level="INFO">${login_data} = {'TC_ID': 'TC-ID-16', 'username': 'sakshi', 'password': 123, 'first_name': None, 'last_name': None, 'new_user_name': None, 'new_password': None, 'confirm_password': None, None: None}</msg>
<var>${login_data}</var>
<arg>${TestData}</arg>
<arg>TC-ID-16</arg>
<status status="PASS" start="2025-04-07T02:41:48.822353" elapsed="0.013520"/>
</kw>
<kw name="Verify Login Page Is Visible After Logging Out" owner="rns_keywords">
<kw name="Wait Until Page Contains" owner="SeleniumLibrary">
<arg>Login Page</arg>
<doc>Waits until ``text`` appears on the current page.</doc>
<status status="PASS" start="2025-04-07T02:41:48.837874" elapsed="0.010555"/>
</kw>
<kw name="Page Should Contain Element" owner="SeleniumLibrary">
<msg time="2025-04-07T02:41:48.862434" level="INFO">Current page contains element '//button[@type = "submit"]'.</msg>
<arg>${login_btn}</arg>
<doc>Verifies that element ``locator`` is found on the current page.</doc>
<status status="PASS" start="2025-04-07T02:41:48.848429" elapsed="0.014005"/>
</kw>
<status status="PASS" start="2025-04-07T02:41:48.836878" elapsed="0.025556"/>
</kw>
<kw name="Click On The Register Link Of Navigation Bar On Register Page" owner="rns_keywords">
<kw name="Wait Until Element Is Visible" owner="SeleniumLibrary">
<arg>${register_link}</arg>
<doc>Waits until the element ``locator`` is visible.</doc>
<status status="PASS" start="2025-04-07T02:41:48.863427" elapsed="0.025235"/>
</kw>
<kw name="Click Element" owner="SeleniumLibrary">
<msg time="2025-04-07T02:41:48.889661" level="INFO">Clicking element '// a[text()="Register"]'.</msg>
<arg>${register_link}</arg>
<doc>Click the element identified by ``locator``.</doc>
<status status="PASS" start="2025-04-07T02:41:48.889661" elapsed="0.705326"/>
</kw>
<status status="PASS" start="2025-04-07T02:41:48.863427" elapsed="0.731560"/>
</kw>
<kw name="Verify Register Page" owner="rns_keywords">
<kw name="Page Should Contain" owner="SeleniumLibrary">
<msg time="2025-04-07T02:41:49.615399" level="INFO">Current page contains text 'Register'.</msg>
<arg>Register</arg>
<doc>Verifies that current page contains ``text``.</doc>
<status status="PASS" start="2025-04-07T02:41:49.595985" elapsed="0.019414"/>
</kw>
<kw name="Wait Until Element Is Visible" owner="SeleniumLibrary">
<arg>${first_name}</arg>
<arg>timeout=10s</arg>
<doc>Waits until the element ``locator`` is visible.</doc>
<status status="PASS" start="2025-04-07T02:41:49.616400" elapsed="0.021853"/>
</kw>
<status status="PASS" start="2025-04-07T02:41:49.595985" elapsed="0.042268"/>
</kw>
<tag>TC-ID-16</tag>
<status status="PASS" start="2025-04-07T02:41:46.795465" elapsed="2.843784"/>
</test>
<test id="s1-s1-s1-s1-t16" name="TC-ID-17 Verify user is able to Register with all data" line="132">
<kw name="Open The Chrome Browser" owner="rns_keywords">
<kw name="Open Browser" owner="SeleniumLibrary">
<msg time="2025-04-07T02:41:49.644827" level="INFO">Opening browser 'chrome' to base url 'http://127.0.0.1:8000/login/?next=/'.</msg>
<arg>${url}</arg>
<arg>${browser}</arg>
<doc>Opens a new browser instance to the optional ``url``.</doc>
<status status="PASS" start="2025-04-07T02:41:49.643802" elapsed="3.572033"/>
</kw>
<kw name="Maximize Browser Window" owner="SeleniumLibrary">
<doc>Maximizes current browser window.</doc>
<status status="PASS" start="2025-04-07T02:41:53.215835" elapsed="0.051524"/>
</kw>
<kw name="Page Should Contain" owner="SeleniumLibrary">
<msg time="2025-04-07T02:41:53.290357" level="INFO">Current page contains text 'Login Page'.</msg>
<arg>Login Page</arg>
<doc>Verifies that current page contains ``text``.</doc>
<status status="PASS" start="2025-04-07T02:41:53.268358" elapsed="0.021999"/>
</kw>
<status status="PASS" start="2025-04-07T02:41:49.641253" elapsed="3.649104"/>
</kw>
<kw name="Fetch Testdata By Id" owner="utilities">
<msg time="2025-04-07T02:41:53.302360" level="INFO">${login_data} = {'TC_ID': 'TC-ID-17', 'username': 'sakshi', 'password': 123, 'first_name': 'Sakshi', 'last_name': 'Deshmukh', 'new_user_name': 'sd12', 'new_password': 1212, 'confirm_password': 1212, None: None}</msg>
<var>${login_data}</var>
<arg>${TestData}</arg>
<arg>TC-ID-17</arg>
<status status="PASS" start="2025-04-07T02:41:53.293358" elapsed="0.009002"/>
</kw>
<kw name="Verify Login Page Is Visible After Logging Out" owner="rns_keywords">
<kw name="Wait Until Page Contains" owner="SeleniumLibrary">
<arg>Login Page</arg>
<doc>Waits until ``text`` appears on the current page.</doc>
<status status="PASS" start="2025-04-07T02:41:53.304360" elapsed="0.010001"/>
</kw>
<kw name="Page Should Contain Element" owner="SeleniumLibrary">
<msg time="2025-04-07T02:41:53.337881" level="INFO">Current page contains element '//button[@type = "submit"]'.</msg>
<arg>${login_btn}</arg>
<doc>Verifies that element ``locator`` is found on the current page.</doc>
<status status="PASS" start="2025-04-07T02:41:53.314361" elapsed="0.023520"/>
</kw>
<status status="PASS" start="2025-04-07T02:41:53.303361" elapsed="0.034520"/>
</kw>
<kw name="Click On The Register Link Of Navigation Bar On Login Page" owner="rns_keywords">
<kw name="Wait Until Element Is Visible" owner="SeleniumLibrary">
<arg>${register_link}</arg>
<doc>Waits until the element ``locator`` is visible.</doc>
<status status="PASS" start="2025-04-07T02:41:53.338882" elapsed="0.026276"/>
</kw>
<kw name="Click Element" owner="SeleniumLibrary">
<msg time="2025-04-07T02:41:53.366159" level="INFO">Clicking element '// a[text()="Register"]'.</msg>
<arg>${register_link}</arg>
<doc>Click the element identified by ``locator``.</doc>
<status status="PASS" start="2025-04-07T02:41:53.366159" elapsed="0.942285"/>
</kw>
<status status="PASS" start="2025-04-07T02:41:53.338882" elapsed="0.970561"/>
</kw>
<kw name="Enter The Registration Details" owner="rns_keywords">
<kw name="Create Dictionary" owner="BuiltIn">
<msg time="2025-04-07T02:41:54.312442" level="INFO">${my_dict} = {'TC_ID': 'TC-ID-17', 'username': 'sakshi', 'password': 123, 'first_name': 'Sakshi', 'last_name': 'Deshmukh', 'new_user_name': 'sd12', 'new_password': 1212, 'confirm_password': 1212, None: None}</msg>
<var>${my_dict}</var>
<arg>&amp;{my_dict}</arg>
<doc>Creates and returns a dictionary based on the given ``items``.</doc>
<status status="PASS" start="2025-04-07T02:41:54.312442" elapsed="0.000000"/>
</kw>
<kw name="Wait Until Element Is Visible" owner="SeleniumLibrary">
<arg>${first_name}</arg>
<arg>timeout=10s</arg>
<doc>Waits until the element ``locator`` is visible.</doc>
<status status="PASS" start="2025-04-07T02:41:54.313444" elapsed="0.029518"/>
</kw>
<kw name="Input Text" owner="SeleniumLibrary">
<msg time="2025-04-07T02:41:54.344961" level="INFO">Typing text 'Sakshi' into text field '//input[@name="first_name"]'.</msg>
<arg>${first_name}</arg>
<arg>${my_dict.first_name}</arg>
<doc>Types the given ``text`` into the text field identified by ``locator``.</doc>
<status status="PASS" start="2025-04-07T02:41:54.343961" elapsed="0.142542"/>
</kw>
<kw name="Wait Until Element Is Visible" owner="SeleniumLibrary">
<arg>${last_name}</arg>
<arg>timeout=10s</arg>
<doc>Waits until the element ``locator`` is visible.</doc>
<status status="PASS" start="2025-04-07T02:41:54.487505" elapsed="0.045482"/>
</kw>
<kw name="Input Text" owner="SeleniumLibrary">
<msg time="2025-04-07T02:41:54.534989" level="INFO">Typing text 'Deshmukh' into text field '//input[@name="last_name"]'.</msg>
<arg>${last_name}</arg>
<arg>${my_dict.last_name}</arg>
<doc>Types the given ``text`` into the text field identified by ``locator``.</doc>
<status status="PASS" start="2025-04-07T02:41:54.532987" elapsed="0.091007"/>
</kw>
<kw name="Wait Until Element Is Visible" owner="SeleniumLibrary">
<arg>${register_user_name}</arg>
<arg>timeout=10s</arg>
<doc>Waits until the element ``locator`` is visible.</doc>
<status status="PASS" start="2025-04-07T02:41:54.623994" elapsed="0.016514"/>
</kw>
<kw name="Input Text" owner="SeleniumLibrary">
[...]
<arg>${password}</arg>
<arg>${my_dict.password}</arg>
<doc>Types the given password into the text field identified by ``locator``.</doc>
<status status="PASS" start="2025-04-07T02:44:41.253732" elapsed="0.144822"/>
</kw>
<kw name="Click Button" owner="SeleniumLibrary">
<msg time="2025-04-07T02:44:41.402549" level="INFO">Clicking button '//button[@type = "submit"]'.</msg>
<arg>${login_btn}</arg>
<doc>Clicks the button identified by ``locator``.</doc>
<status status="PASS" start="2025-04-07T02:44:41.400540" elapsed="3.364913"/>
</kw>
<arg>${login_data}</arg>
<status status="PASS" start="2025-04-07T02:44:36.021657" elapsed="8.744793"/>
</kw>
<kw name="Click On Sell Old Book On Home Page" owner="rns_keywords">
<kw name="Wait Until Element Is Visible" owner="SeleniumLibrary">
<arg>${sell_old_book_nav}</arg>
<arg>timeout=10s</arg>
<doc>Waits until the element ``locator`` is visible.</doc>
<status status="PASS" start="2025-04-07T02:44:44.767425" elapsed="0.086029"/>
</kw>
<kw name="Click Element" owner="SeleniumLibrary">
<msg time="2025-04-07T02:44:44.854454" level="INFO">Clicking element '//a[contains(text(), "Sell Old Book")]'.</msg>
<arg>${sell_old_book_nav}</arg>
<doc>Click the element identified by ``locator``.</doc>
<status status="PASS" start="2025-04-07T02:44:44.853454" elapsed="0.766494"/>
</kw>
<status status="PASS" start="2025-04-07T02:44:44.767425" elapsed="0.853523"/>
</kw>
<kw name="Verify All UI Elements Of Add Details Page are Clickable" owner="rns_keywords">
<kw name="Wait Until Element Is Visible" owner="SeleniumLibrary">
<arg>${sell_add_button}</arg>
<doc>Waits until the element ``locator`` is visible.</doc>
<status status="PASS" start="2025-04-07T02:44:45.632951" elapsed="0.080522"/>
</kw>
<kw name="Click Element" owner="SeleniumLibrary">
<msg time="2025-04-07T02:44:45.714473" level="INFO">Clicking element '//input[@id="bookname"]'.</msg>
<arg>${sell_book_name}</arg>
<doc>Click the element identified by ``locator``.</doc>
<status status="PASS" start="2025-04-07T02:44:45.714473" elapsed="0.423046"/>
</kw>
<kw name="Click Element" owner="SeleniumLibrary">
<msg time="2025-04-07T02:44:46.140515" level="INFO">Clicking element '//textarea[@name="book_desc"]'.</msg>
<arg>${sell_book_description}</arg>
<doc>Click the element identified by ``locator``.</doc>
<status status="PASS" start="2025-04-07T02:44:46.138519" elapsed="0.130577"/>
</kw>
<kw name="Click Element" owner="SeleniumLibrary">
<msg time="2025-04-07T02:44:46.270099" level="INFO">Clicking element '//input[@id="book_price"]'.</msg>
<arg>${sell_book_price}</arg>
<doc>Click the element identified by ``locator``.</doc>
<status status="PASS" start="2025-04-07T02:44:46.269096" elapsed="0.127029"/>
</kw>
<kw name="Click Element" owner="SeleniumLibrary">
<msg time="2025-04-07T02:44:46.397127" level="INFO">Clicking element '//input[@id="purchase_date"]'.</msg>
<arg>${sell_purchase_date}</arg>
<doc>Click the element identified by ``locator``.</doc>
<status status="PASS" start="2025-04-07T02:44:46.397127" elapsed="0.240260"/>
</kw>
<status status="PASS" start="2025-04-07T02:44:45.631951" elapsed="1.006435"/>
</kw>
<tag>TC-ID-32</tag>
<status status="PASS" start="2025-04-07T02:44:33.017213" elapsed="13.630192"/>
</test>
<test id="s1-s1-s1-s1-t32" name="TC-ID-33 Verify user is unable to add book in Add Details page by keeping any field empty" line="287">
<kw name="Open The Chrome Browser" owner="rns_keywords">
<kw name="Open Browser" owner="SeleniumLibrary">
<msg time="2025-04-07T02:44:46.669175" level="INFO">Opening browser 'chrome' to base url 'http://127.0.0.1:8000/login/?next=/'.</msg>
<arg>${url}</arg>
<arg>${browser}</arg>
<doc>Opens a new browser instance to the optional ``url``.</doc>
<status status="PASS" start="2025-04-07T02:44:46.667187" elapsed="2.417942"/>
</kw>
<kw name="Maximize Browser Window" owner="SeleniumLibrary">
<doc>Maximizes current browser window.</doc>
<status status="PASS" start="2025-04-07T02:44:49.085129" elapsed="2.112802"/>
</kw>
<kw name="Page Should Contain" owner="SeleniumLibrary">
<msg time="2025-04-07T02:44:51.229065" level="INFO">Current page contains text 'Login Page'.</msg>
<arg>Login Page</arg>
<doc>Verifies that current page contains ``text``.</doc>
<status status="PASS" start="2025-04-07T02:44:51.197931" elapsed="0.031134"/>
</kw>
<status status="PASS" start="2025-04-07T02:44:46.666052" elapsed="4.563013"/>
</kw>
<kw name="Fetch Testdata By Id" owner="utilities">
<msg time="2025-04-07T02:44:51.249142" level="INFO">${login_data} = {'TC_ID': 'TC-ID-33', 'username': 'sakshi', 'password': 123, 'first_name': None, 'last_name': None, 'new_user_name': None, 'new_password': None, 'confirm_password': None, None: None}</msg>
<var>${login_data}</var>
<arg>${TestData}</arg>
<arg>TC-ID-33</arg>
<status status="PASS" start="2025-04-07T02:44:51.230447" elapsed="0.018695"/>
</kw>
<kw name="Verify Login Page Is Visible After Logging Out" owner="rns_keywords">
<kw name="Wait Until Page Contains" owner="SeleniumLibrary">
<arg>Login Page</arg>
<doc>Waits until ``text`` appears on the current page.</doc>
<status status="PASS" start="2025-04-07T02:44:51.251550" elapsed="0.012706"/>
</kw>
<kw name="Page Should Contain Element" owner="SeleniumLibrary">
<msg time="2025-04-07T02:44:51.281470" level="INFO">Current page contains element '//button[@type = "submit"]'.</msg>
<arg>${login_btn}</arg>
<doc>Verifies that element ``locator`` is found on the current page.</doc>
<status status="PASS" start="2025-04-07T02:44:51.265471" elapsed="0.017075"/>
</kw>
<status status="PASS" start="2025-04-07T02:44:51.250554" elapsed="0.031992"/>
</kw>
<kw name="Enter With Username And Password And Click On Login Button" owner="rns_keywords">
<kw name="Create Dictionary" owner="BuiltIn">
<msg time="2025-04-07T02:44:51.284546" level="INFO">${my_dict} = {'TC_ID': 'TC-ID-33', 'username': 'sakshi', 'password': 123, 'first_name': None, 'last_name': None, 'new_user_name': None, 'new_password': None, 'confirm_password': None, None: None}</msg>
<var>${my_dict}</var>
<arg>&amp;{my_dict}</arg>
<doc>Creates and returns a dictionary based on the given ``items``.</doc>
<status status="PASS" start="2025-04-07T02:44:51.284546" elapsed="0.000000"/>
</kw>
<kw name="Wait Until Page Contains" owner="SeleniumLibrary">
<arg>Login Page</arg>
<doc>Waits until ``text`` appears on the current page.</doc>
<status status="PASS" start="2025-04-07T02:44:51.285543" elapsed="0.015129"/>
</kw>
<kw name="Sleep" owner="BuiltIn">
<msg time="2025-04-07T02:44:56.317664" level="INFO">Slept 5 seconds.</msg>
<arg>5s</arg>
<doc>Pauses the test executed for the given time.</doc>
<status status="PASS" start="2025-04-07T02:44:51.300672" elapsed="5.017995"/>
</kw>
<kw name="Page Should Contain" owner="SeleniumLibrary">
<msg time="2025-04-07T02:44:56.423214" level="INFO">Current page contains text 'Login Page'.</msg>
<arg>Login Page</arg>
<doc>Verifies that current page contains ``text``.</doc>
<status status="PASS" start="2025-04-07T02:44:56.319651" elapsed="0.109574"/>
</kw>
<kw name="Wait Until Element Is Visible" owner="SeleniumLibrary">
<arg>${username}</arg>
<doc>Waits until the element ``locator`` is visible.</doc>
<status status="PASS" start="2025-04-07T02:44:56.430214" elapsed="0.122586"/>
</kw>
<kw name="Input Text" owner="SeleniumLibrary">
<msg time="2025-04-07T02:44:56.560801" level="INFO">Typing text 'sakshi' into text field '//input[@id = "username"]'.</msg>
<arg>${username}</arg>
<arg>${my_dict.username}</arg>
<doc>Types the given ``text`` into the text field identified by ``locator``.</doc>
<status status="PASS" start="2025-04-07T02:44:56.553798" elapsed="0.465464"/>
</kw>
<kw name="Input Password" owner="SeleniumLibrary">
<msg time="2025-04-07T02:44:57.020261" level="INFO">Typing password into text field '//input[@id= "password"]'.</msg>
<msg time="2025-04-07T02:44:57.103844" level="INFO">Temporally setting log level to: NONE</msg>
<arg>${password}</arg>
<arg>${my_dict.password}</arg>
<doc>Types the given password into the text field identified by ``locator``.</doc>
<status status="PASS" start="2025-04-07T02:44:57.019262" elapsed="0.195076"/>
</kw>
<kw name="Click Button" owner="SeleniumLibrary">
<msg time="2025-04-07T02:44:57.215339" level="INFO">Clicking button '//button[@type = "submit"]'.</msg>
<arg>${login_btn}</arg>
<doc>Clicks the button identified by ``locator``.</doc>
<status status="PASS" start="2025-04-07T02:44:57.215339" elapsed="2.788572"/>
</kw>
<arg>${login_data}</arg>
<status status="PASS" start="2025-04-07T02:44:51.283542" elapsed="8.720369"/>
</kw>
<kw name="Click On Sell Old Book On Home Page" owner="rns_keywords">
<kw name="Wait Until Element Is Visible" owner="SeleniumLibrary">
<arg>${sell_old_book_nav}</arg>
<arg>timeout=10s</arg>
<doc>Waits until the element ``locator`` is visible.</doc>
<status status="PASS" start="2025-04-07T02:45:00.013909" elapsed="0.072610"/>
</kw>
<kw name="Click Element" owner="SeleniumLibrary">
<msg time="2025-04-07T02:45:00.087518" level="INFO">Clicking element '//a[contains(text(), "Sell Old Book")]'.</msg>
<arg>${sell_old_book_nav}</arg>
<doc>Click the element identified by ``locator``.</doc>
<status status="PASS" start="2025-04-07T02:45:00.087518" elapsed="0.994351"/>
</kw>
<status status="PASS" start="2025-04-07T02:45:00.005913" elapsed="1.075956"/>
</kw>
<kw name="Verify All UI Elements Of Add Details Page are Clickable" owner="rns_keywords">
<kw name="Wait Until Element Is Visible" owner="SeleniumLibrary">
<arg>${sell_add_button}</arg>
<doc>Waits until the element ``locator`` is visible.</doc>
<status status="PASS" start="2025-04-07T02:45:01.083885" elapsed="0.048998"/>
</kw>
<kw name="Click Element" owner="SeleniumLibrary">
<msg time="2025-04-07T02:45:01.134893" level="INFO">Clicking element '//input[@id="bookname"]'.</msg>
<arg>${sell_book_name}</arg>
<doc>Click the element identified by ``locator``.</doc>
<status status="PASS" start="2025-04-07T02:45:01.133878" elapsed="0.164065"/>
</kw>
<kw name="Click Element" owner="SeleniumLibrary">
<msg time="2025-04-07T02:45:01.298944" level="INFO">Clicking element '//textarea[@name="book_desc"]'.</msg>
<arg>${sell_book_description}</arg>
<doc>Click the element identified by ``locator``.</doc>
<status status="PASS" start="2025-04-07T02:45:01.297943" elapsed="0.116226"/>
</kw>
<kw name="Click Element" owner="SeleniumLibrary">
<msg time="2025-04-07T02:45:01.415170" level="INFO">Clicking element '//input[@id="book_price"]'.</msg>
<arg>${sell_book_price}</arg>
<doc>Click the element identified by ``locator``.</doc>
<status status="PASS" start="2025-04-07T02:45:01.414169" elapsed="0.139046"/>
</kw>
<kw name="Click Element" owner="SeleniumLibrary">
<msg time="2025-04-07T02:45:01.554215" level="INFO">Clicking element '//input[@id="purchase_date"]'.</msg>
<arg>${sell_purchase_date}</arg>
<doc>Click the element identified by ``locator``.</doc>
<status status="PASS" start="2025-04-07T02:45:01.554215" elapsed="0.130030"/>
</kw>
<status status="PASS" start="2025-04-07T02:45:01.082882" elapsed="0.601363"/>
</kw>
<kw name="Verify Add Button Functionality On Add Details Page" owner="rns_keywords">
<kw name="Scroll Element Into View" owner="SeleniumLibrary">
<arg>${sell_add_button}</arg>
<doc>Scrolls the element identified by ``locator`` into view.</doc>
<status status="PASS" start="2025-04-07T02:45:01.685251" elapsed="0.304124"/>
</kw>
<kw name="Click Button" owner="SeleniumLibrary">
<msg time="2025-04-07T02:45:01.995334" level="INFO">Clicking button '//input[@value="Add"]'.</msg>
<arg>${sell_add_button}</arg>
<doc>Clicks the button identified by ``locator``.</doc>
<status status="PASS" start="2025-04-07T02:45:01.989375" elapsed="0.288332"/>
</kw>
<status status="PASS" start="2025-04-07T02:45:01.685251" elapsed="0.592456"/>
</kw>
<kw name="Wait Until Page Contains" owner="SeleniumLibrary">
<arg>Add Details</arg>
<doc>Waits until ``text`` appears on the current page.</doc>
<status status="PASS" start="2025-04-07T02:45:02.278702" elapsed="0.019145"/>
</kw>
<tag>TC-ID-33</tag>
<status status="PASS" start="2025-04-07T02:44:46.663425" elapsed="15.635457"/>
</test>
<test id="s1-s1-s1-s1-t33" name="TC-ID-34 Verify user is able to add book in Add Details page by filling all fields" line="298">
<kw name="Open The Chrome Browser" owner="rns_keywords">
<kw name="Open Browser" owner="SeleniumLibrary">
<msg time="2025-04-07T02:45:02.304868" level="INFO">Opening browser 'chrome' to base url 'http://127.0.0.1:8000/login/?next=/'.</msg>
<arg>${url}</arg>
<arg>${browser}</arg>
<doc>Opens a new browser instance to the optional ``url``.</doc>
<status status="PASS" start="2025-04-07T02:45:02.304868" elapsed="2.481983"/>
</kw>
<kw name="Maximize Browser Window" owner="SeleniumLibrary">
<doc>Maximizes current browser window.</doc>
<status status="PASS" start="2025-04-07T02:45:04.786851" elapsed="0.466866"/>
</kw>
<kw name="Page Should Contain" owner="SeleniumLibrary">
<msg time="2025-04-07T02:45:05.332363" level="INFO">Current page contains text 'Login Page'.</msg>
<arg>Login Page</arg>
<doc>Verifies that current page contains ``text``.</doc>
<status status="PASS" start="2025-04-07T02:45:05.254716" elapsed="0.077647"/>
</kw>
<status status="PASS" start="2025-04-07T02:45:02.303867" elapsed="3.029494"/>
</kw>
<kw name="Fetch Testdata By Id" owner="utilities">
<msg time="2025-04-07T02:45:05.352362" level="INFO">Error reading Excel file: Target ID 'TC-ID-34' not found in the Excel file.</msg>
<msg time="2025-04-07T02:45:05.353364" level="INFO">${login_data} = None</msg>
<var>${login_data}</var>
<arg>${TestData}</arg>
<arg>TC-ID-34</arg>
<status status="PASS" start="2025-04-07T02:45:05.333361" elapsed="0.020003"/>
</kw>
<kw name="Verify Login Page Is Visible After Logging Out" owner="rns_keywords">
<kw name="Wait Until Page Contains" owner="SeleniumLibrary">
<arg>Login Page</arg>
<doc>Waits until ``text`` appears on the current page.</doc>
<status status="PASS" start="2025-04-07T02:45:05.354365" elapsed="0.060524"/>
</kw>
<kw name="Page Should Contain Element" owner="SeleniumLibrary">
<msg time="2025-04-07T02:45:05.433887" level="INFO">Current page contains element '//button[@type = "submit"]'.</msg>
<arg>${login_btn}</arg>
<doc>Verifies that element ``locator`` is found on the current page.</doc>
<status status="PASS" start="2025-04-07T02:45:05.414889" elapsed="0.018998"/>
</kw>
<status status="PASS" start="2025-04-07T02:45:05.353364" elapsed="0.080523"/>
</kw>
<kw name="Enter With Username And Password And Click On Login Button" owner="rns_keywords">
<kw name="Create Dictionary" owner="BuiltIn">
<msg time="2025-04-07T02:45:05.435891" level="FAIL">Value of variable '&amp;{my_dict}' is not dictionary or dictionary-like.</msg>
<var>${my_dict}</var>
<arg>&amp;{my_dict}</arg>
<doc>Creates and returns a dictionary based on the given ``items``.</doc>
<status status="FAIL" start="2025-04-07T02:45:05.435891" elapsed="0.000000">Value of variable '&amp;{my_dict}' is not dictionary or dictionary-like.</status>
</kw>
<kw name="Wait Until Page Contains" owner="SeleniumLibrary">
<arg>Login Page</arg>
<doc>Waits until ``text`` appears on the current page.</doc>
<status status="NOT RUN" start="2025-04-07T02:45:05.436888" elapsed="0.000000"/>
</kw>
<kw name="Sleep" owner="BuiltIn">
<arg>5s</arg>
<doc>Pauses the test executed for the given time.</doc>
<status status="NOT RUN" start="2025-04-07T02:45:05.436888" elapsed="0.000000"/>
</kw>
<kw name="Page Should Contain" owner="SeleniumLibrary">
<arg>Login Page</arg>
<doc>Verifies that current page contains ``text``.</doc>
<status status="NOT RUN" start="2025-04-07T02:45:05.436888" elapsed="0.000000"/>
</kw>
<kw name="Wait Until Element Is Visible" owner="SeleniumLibrary">
<arg>${username}</arg>
<doc>Waits until the element ``locator`` is visible.</doc>
<status status="NOT RUN" start="2025-04-07T02:45:05.436888" elapsed="0.000000"/>
</kw>
<kw name="Input Text" owner="SeleniumLibrary">
<arg>${username}</arg>
<arg>${my_dict.username}</arg>
<doc>Types the given ``text`` into the text field identified by ``locator``.</doc>
<status status="NOT RUN" start="2025-04-07T02:45:05.437893" elapsed="0.000000"/>
</kw>
<kw name="Input Password" owner="SeleniumLibrary">
<arg>${password}</arg>
<arg>${my_dict.password}</arg>
<doc>Types the given password into the text field identified by ``locator``.</doc>
<status status="NOT RUN" start="2025-04-07T02:45:05.442891" elapsed="0.001000"/>
</kw>
<kw name="Click Button" owner="SeleniumLibrary">
<arg>${login_btn}</arg>
<doc>Clicks the button identified by ``locator``.</doc>
<status status="NOT RUN" start="2025-04-07T02:45:05.443891" elapsed="0.000000"/>
</kw>
<arg>${login_data}</arg>
<status status="FAIL" start="2025-04-07T02:45:05.434886" elapsed="0.011018">Value of variable '&amp;{my_dict}' is not dictionary or dictionary-like.</status>
</kw>
<kw name="Click On Sell Old Book On Home Page" owner="rns_keywords">
<status status="NOT RUN" start="2025-04-07T02:45:05.446888" elapsed="0.000000"/>
</kw>
<kw name="Verify All UI Elements Of Add Details Page are Clickable" owner="rns_keywords">
<status status="NOT RUN" start="2025-04-07T02:45:05.447886" elapsed="0.000000"/>
</kw>
<kw name="Verify Add Button Functionality On Add Details Page" owner="rns_keywords">
<status status="NOT RUN" start="2025-04-07T02:45:05.447886" elapsed="0.001000"/>
</kw>
<tag>TC-ID-34</tag>
<status status="FAIL" start="2025-04-07T02:45:02.301846" elapsed="3.147040">Value of variable '&amp;{my_dict}' is not dictionary or dictionary-like.</status>
</test>
<status status="FAIL" start="2025-04-07T02:40:05.337839" elapsed="300.115047"/>
</suite>
<status status="FAIL" start="2025-04-07T02:40:05.335839" elapsed="300.128048"/>
</suite>
<status status="FAIL" start="2025-04-07T02:40:05.333851" elapsed="300.133039"/>
</suite>
<status status="FAIL" start="2025-04-07T02:40:05.305994" elapsed="300.162893"/>
</suite>
<statistics>
<total>
<stat pass="29" fail="4" skip="0">All Tests</stat>
</total>
<tag>
<stat pass="1" fail="0" skip="0">TC-ID-01</stat>
<stat pass="1" fail="0" skip="0">TC-ID-02</stat>
<stat pass="1" fail="0" skip="0">TC-ID-03</stat>
<stat pass="0" fail="1" skip="0">TC-ID-05</stat>
<stat pass="0" fail="1" skip="0">TC-ID-06</stat>
<stat pass="1" fail="0" skip="0">TC-ID-07</stat>
<stat pass="1" fail="0" skip="0">TC-ID-08</stat>
<stat pass="1" fail="0" skip="0">TC-ID-09</stat>
<stat pass="1" fail="0" skip="0">TC-ID-10</stat>
<stat pass="1" fail="0" skip="0">TC-ID-11</stat>
<stat pass="1" fail="0" skip="0">TC-ID-12</stat>
<stat pass="1" fail="0" skip="0">TC-ID-13</stat>
<stat pass="1" fail="0" skip="0">TC-ID-14</stat>
<stat pass="1" fail="0" skip="0">TC-ID-15</stat>
<stat pass="1" fail="0" skip="0">TC-ID-16</stat>
<stat pass="0" fail="1" skip="0">TC-ID-17</stat>
<stat pass="1" fail="0" skip="0">TC-ID-18</stat>
<stat pass="1" fail="0" skip="0">TC-ID-19</stat>
<stat pass="1" fail="0" skip="0">TC-ID-20</stat>
<stat pass="1" fail="0" skip="0">TC-ID-21</stat>
<stat pass="1" fail="0" skip="0">TC-ID-22</stat>
<stat pass="1" fail="0" skip="0">TC-ID-23</stat>
<stat pass="1" fail="0" skip="0">TC-ID-24</stat>
<stat pass="2" fail="0" skip="0">TC-ID-25</stat>
<stat pass="1" fail="0" skip="0">TC-ID-27</stat>
<stat pass="1" fail="0" skip="0">TC-ID-28</stat>
<stat pass="1" fail="0" skip="0">TC-ID-29</stat>
<stat pass="1" fail="0" skip="0">TC-ID-30</stat>
<stat pass="1" fail="0" skip="0">TC-ID-31</stat>
<stat pass="1" fail="0" skip="0">TC-ID-32</stat>
<stat pass="1" fail="0" skip="0">TC-ID-33</stat>
<stat pass="0" fail="1" skip="0">TC-ID-34</stat>
</tag>
<suite>
<stat name="RNS" id="s1" pass="29" fail="4" skip="0">RNS</stat>
<stat name="Automation" id="s1-s1" pass="29" fail="4" skip="0">RNS.Automation</stat>
<stat name="TestCases" id="s1-s1-s1" pass="29" fail="4" skip="0">RNS.Automation.TestCases</stat>
<stat name="Rns Testcase" id="s1-s1-s1-s1" pass="29" fail="4" skip="0">RNS.Automation.TestCases.Rns Testcase</stat>
</suite>
</statistics>
<errors>
</errors>
</robot>
